<?xml version="1.0" encoding="UTF-8"?>
<coverage generated="1704643053412" clover="3.2.0">
  <project timestamp="1704643053412" name="All files">
    <metrics statements="203" coveredstatements="171" conditionals="68" coveredconditionals="38" methods="55" coveredmethods="47" elements="326" coveredelements="256" complexity="0" loc="203" ncloc="203" packages="2" files="4" classes="4"/>
    <package name="src">
      <metrics statements="26" coveredstatements="24" conditionals="7" coveredconditionals="2" methods="17" coveredmethods="16"/>
      <file name="OnirixMultiplayerModule.js" path="C:\Users\Daniel\Desktop\Informatica\TFG\onirix-multiplayer-module\src\OnirixMultiplayerModule.js">
        <metrics statements="26" coveredstatements="24" conditionals="7" coveredconditionals="2" methods="17" coveredmethods="16"/>
        <line num="9" count="23" type="stmt"/>
        <line num="12" count="23" type="stmt"/>
        <line num="14" count="23" type="stmt"/>
        <line num="22" count="23" type="cond" truecount="1" falsecount="1"/>
        <line num="23" count="23" type="stmt"/>
        <line num="26" count="23" type="stmt"/>
        <line num="28" count="23" type="cond" truecount="1" falsecount="1"/>
        <line num="30" count="0" type="stmt"/>
        <line num="33" count="23" type="stmt"/>
        <line num="36" count="23" type="stmt"/>
        <line num="42" count="2" type="stmt"/>
        <line num="45" count="3" type="stmt"/>
        <line num="48" count="0" type="stmt"/>
        <line num="51" count="2" type="stmt"/>
        <line num="54" count="2" type="stmt"/>
        <line num="60" count="2" type="stmt"/>
        <line num="71" count="1" type="stmt"/>
        <line num="77" count="1" type="stmt"/>
        <line num="82" count="1" type="stmt"/>
        <line num="87" count="1" type="stmt"/>
        <line num="91" count="1" type="stmt"/>
        <line num="95" count="1" type="stmt"/>
        <line num="98" count="1" type="stmt"/>
        <line num="102" count="1" type="stmt"/>
        <line num="105" count="1" type="stmt"/>
        <line num="109" count="1" type="stmt"/>
      </file>
    </package>
    <package name="src.managers">
      <metrics statements="177" coveredstatements="147" conditionals="61" coveredconditionals="36" methods="38" coveredmethods="31"/>
      <file name="ConnectionManager.js" path="C:\Users\Daniel\Desktop\Informatica\TFG\onirix-multiplayer-module\src\managers\ConnectionManager.js">
        <metrics statements="119" coveredstatements="89" conditionals="28" coveredconditionals="10" methods="36" coveredmethods="29"/>
        <line num="10" count="26" type="stmt"/>
        <line num="11" count="26" type="stmt"/>
        <line num="13" count="26" type="stmt"/>
        <line num="15" count="26" type="stmt"/>
        <line num="17" count="26" type="stmt"/>
        <line num="19" count="26" type="stmt"/>
        <line num="21" count="26" type="stmt"/>
        <line num="23" count="26" type="stmt"/>
        <line num="25" count="26" type="stmt"/>
        <line num="27" count="26" type="stmt"/>
        <line num="29" count="26" type="stmt"/>
        <line num="31" count="26" type="stmt"/>
        <line num="34" count="26" type="stmt"/>
        <line num="37" count="26" type="cond" truecount="1" falsecount="1"/>
        <line num="38" count="0" type="stmt"/>
        <line num="40" count="26" type="stmt"/>
        <line num="42" count="26" type="stmt"/>
        <line num="45" count="26" type="stmt"/>
        <line num="47" count="26" type="stmt"/>
        <line num="48" count="26" type="stmt"/>
        <line num="49" count="14" type="stmt"/>
        <line num="51" count="14" type="stmt"/>
        <line num="59" count="26" type="stmt"/>
        <line num="60" count="0" type="cond" truecount="0" falsecount="2"/>
        <line num="61" count="0" type="stmt"/>
        <line num="64" count="0" type="stmt"/>
        <line num="69" count="26" type="stmt"/>
        <line num="70" count="0" type="cond" truecount="0" falsecount="2"/>
        <line num="71" count="0" type="stmt"/>
        <line num="73" count="0" type="stmt"/>
        <line num="76" count="26" type="stmt"/>
        <line num="78" count="0" type="stmt"/>
        <line num="79" count="0" type="stmt"/>
        <line num="80" count="0" type="stmt"/>
        <line num="84" count="26" type="stmt"/>
        <line num="85" count="0" type="cond" truecount="0" falsecount="2"/>
        <line num="86" count="0" type="stmt"/>
        <line num="87" count="0" type="stmt"/>
        <line num="89" count="0" type="cond" truecount="0" falsecount="2"/>
        <line num="90" count="0" type="stmt"/>
        <line num="91" count="0" type="stmt"/>
        <line num="93" count="0" type="stmt"/>
        <line num="97" count="26" type="stmt"/>
        <line num="98" count="0" type="stmt"/>
        <line num="99" count="0" type="cond" truecount="0" falsecount="2"/>
        <line num="100" count="0" type="stmt"/>
        <line num="101" count="0" type="stmt"/>
        <line num="106" count="26" type="stmt"/>
        <line num="107" count="0" type="cond" truecount="0" falsecount="2"/>
        <line num="108" count="0" type="stmt"/>
        <line num="110" count="0" type="stmt"/>
        <line num="112" count="0" type="stmt"/>
        <line num="113" count="0" type="stmt"/>
        <line num="119" count="2" type="stmt"/>
        <line num="120" count="1" type="stmt"/>
        <line num="126" count="2" type="stmt"/>
        <line num="131" count="1" type="stmt"/>
        <line num="132" count="1" type="cond" truecount="1" falsecount="1"/>
        <line num="133" count="1" type="stmt"/>
        <line num="140" count="2" type="stmt"/>
        <line num="141" count="1" type="stmt"/>
        <line num="147" count="2" type="stmt"/>
        <line num="152" count="1" type="stmt"/>
        <line num="153" count="1" type="cond" truecount="1" falsecount="1"/>
        <line num="154" count="1" type="stmt"/>
        <line num="161" count="2" type="stmt"/>
        <line num="162" count="1" type="stmt"/>
        <line num="168" count="2" type="stmt"/>
        <line num="173" count="1" type="stmt"/>
        <line num="174" count="1" type="cond" truecount="1" falsecount="1"/>
        <line num="175" count="1" type="stmt"/>
        <line num="182" count="1" type="stmt"/>
        <line num="190" count="3" type="stmt"/>
        <line num="191" count="3" type="stmt"/>
        <line num="192" count="3" type="stmt"/>
        <line num="194" count="1" type="stmt"/>
        <line num="195" count="1" type="stmt"/>
        <line num="197" count="3" type="stmt"/>
        <line num="206" count="2" type="cond" truecount="2" falsecount="0"/>
        <line num="207" count="1" type="stmt"/>
        <line num="209" count="1" type="stmt"/>
        <line num="210" count="1" type="stmt"/>
        <line num="212" count="0" type="stmt"/>
        <line num="213" count="0" type="cond" truecount="0" falsecount="2"/>
        <line num="214" count="0" type="stmt"/>
        <line num="215" count="0" type="stmt"/>
        <line num="219" count="1" type="stmt"/>
        <line num="227" count="2" type="stmt"/>
        <line num="228" count="2" type="stmt"/>
        <line num="230" count="2" type="stmt"/>
        <line num="231" count="2" type="stmt"/>
        <line num="232" count="2" type="stmt"/>
        <line num="237" count="1" type="stmt"/>
        <line num="245" count="4" type="stmt"/>
        <line num="246" count="4" type="cond" truecount="2" falsecount="0"/>
        <line num="247" count="1" type="stmt"/>
        <line num="251" count="4" type="stmt"/>
        <line num="253" count="4" type="stmt"/>
        <line num="254" count="4" type="stmt"/>
        <line num="262" count="2" type="stmt"/>
        <line num="264" count="2" type="stmt"/>
        <line num="273" count="2" type="stmt"/>
        <line num="275" count="2" type="stmt"/>
        <line num="276" count="2" type="stmt"/>
        <line num="277" count="2" type="stmt"/>
        <line num="278" count="2" type="stmt"/>
        <line num="279" count="2" type="stmt"/>
        <line num="280" count="2" type="stmt"/>
        <line num="287" count="1" type="stmt"/>
        <line num="291" count="1" type="stmt"/>
        <line num="293" count="1" type="stmt"/>
        <line num="294" count="1" type="stmt"/>
        <line num="295" count="1" type="stmt"/>
        <line num="312" count="4" type="cond" truecount="2" falsecount="0"/>
        <line num="313" count="1" type="stmt"/>
        <line num="316" count="4" type="stmt"/>
        <line num="317" count="4" type="stmt"/>
        <line num="318" count="3" type="stmt"/>
        <line num="325" count="1" type="stmt"/>
      </file>
      <file name="EventManager.js" path="C:\Users\Daniel\Desktop\Informatica\TFG\onirix-multiplayer-module\src\managers\EventManager.js">
        <metrics statements="58" coveredstatements="58" conditionals="33" coveredconditionals="26" methods="2" coveredmethods="2"/>
        <line num="7" count="49" type="stmt"/>
        <line num="12" count="49" type="stmt"/>
        <line num="34" count="49" type="stmt"/>
        <line num="39" count="28" type="cond" truecount="19" falsecount="0"/>
        <line num="41" count="4" type="stmt"/>
        <line num="46" count="4" type="stmt"/>
        <line num="47" count="4" type="stmt"/>
        <line num="49" count="4" type="stmt"/>
        <line num="54" count="4" type="stmt"/>
        <line num="55" count="4" type="stmt"/>
        <line num="57" count="1" type="stmt"/>
        <line num="58" count="1" type="stmt"/>
        <line num="59" count="1" type="stmt"/>
        <line num="61" count="1" type="stmt"/>
        <line num="62" count="1" type="stmt"/>
        <line num="63" count="1" type="stmt"/>
        <line num="65" count="1" type="stmt"/>
        <line num="73" count="1" type="stmt"/>
        <line num="74" count="1" type="stmt"/>
        <line num="76" count="1" type="stmt"/>
        <line num="81" count="1" type="stmt"/>
        <line num="82" count="1" type="stmt"/>
        <line num="84" count="1" type="stmt"/>
        <line num="85" count="1" type="stmt"/>
        <line num="86" count="1" type="stmt"/>
        <line num="88" count="1" type="stmt"/>
        <line num="89" count="1" type="stmt"/>
        <line num="90" count="1" type="stmt"/>
        <line num="92" count="2" type="stmt"/>
        <line num="93" count="2" type="stmt"/>
        <line num="94" count="2" type="stmt"/>
        <line num="96" count="1" type="stmt"/>
        <line num="104" count="1" type="stmt"/>
        <line num="105" count="1" type="stmt"/>
        <line num="107" count="1" type="stmt"/>
        <line num="115" count="1" type="stmt"/>
        <line num="116" count="1" type="stmt"/>
        <line num="118" count="1" type="stmt"/>
        <line num="127" count="1" type="stmt"/>
        <line num="128" count="1" type="stmt"/>
        <line num="130" count="1" type="stmt"/>
        <line num="138" count="1" type="stmt"/>
        <line num="139" count="1" type="stmt"/>
        <line num="141" count="1" type="stmt"/>
        <line num="148" count="1" type="stmt"/>
        <line num="149" count="1" type="stmt"/>
        <line num="151" count="1" type="stmt"/>
        <line num="152" count="1" type="stmt"/>
        <line num="154" count="1" type="stmt"/>
        <line num="162" count="1" type="stmt"/>
        <line num="163" count="1" type="stmt"/>
        <line num="165" count="1" type="stmt"/>
        <line num="171" count="1" type="stmt"/>
        <line num="172" count="1" type="stmt"/>
        <line num="174" count="2" type="stmt"/>
        <line num="175" count="2" type="stmt"/>
        <line num="176" count="2" type="stmt"/>
        <line num="178" count="2" type="stmt"/>
      </file>
      <file name="index.js" path="C:\Users\Daniel\Desktop\Informatica\TFG\onirix-multiplayer-module\src\managers\index.js">
        <metrics statements="0" coveredstatements="0" conditionals="0" coveredconditionals="0" methods="0" coveredmethods="0"/>
      </file>
    </package>
  </project>
</coverage>
