{"C:\\Users\\Daniel\\Desktop\\Informatica\\TFG\\onirix-multiplayer-module\\src\\OnirixMultiplayerModule.js": {"path":"C:\\Users\\Daniel\\Desktop\\Informatica\\TFG\\onirix-multiplayer-module\\src\\OnirixMultiplayerModule.js","statementMap":{"0":{"start":{"line":9,"column":15},"end":{"line":9,"column":34}},"1":{"start":{"line":12,"column":13},"end":{"line":12,"column":15}},"2":{"start":{"line":14,"column":22},"end":{"line":14,"column":24}},"3":{"start":{"line":22,"column":4},"end":{"line":24,"column":5}},"4":{"start":{"line":23,"column":6},"end":{"line":23,"column":28}},"5":{"start":{"line":26,"column":4},"end":{"line":26,"column":30}},"6":{"start":{"line":28,"column":4},"end":{"line":31,"column":5}},"7":{"start":{"line":30,"column":6},"end":{"line":30,"column":76}},"8":{"start":{"line":33,"column":4},"end":{"line":33,"column":28}},"9":{"start":{"line":36,"column":4},"end":{"line":36,"column":83}},"10":{"start":{"line":42,"column":4},"end":{"line":42,"column":53}},"11":{"start":{"line":45,"column":4},"end":{"line":45,"column":55}},"12":{"start":{"line":48,"column":4},"end":{"line":48,"column":47}},"13":{"start":{"line":51,"column":4},"end":{"line":51,"column":51}},"14":{"start":{"line":54,"column":4},"end":{"line":54,"column":46}},"15":{"start":{"line":60,"column":4},"end":{"line":60,"column":48}},"16":{"start":{"line":71,"column":4},"end":{"line":71,"column":52}},"17":{"start":{"line":77,"column":4},"end":{"line":77,"column":57}},"18":{"start":{"line":82,"column":4},"end":{"line":82,"column":59}},"19":{"start":{"line":87,"column":4},"end":{"line":87,"column":56}},"20":{"start":{"line":91,"column":4},"end":{"line":91,"column":58}},"21":{"start":{"line":95,"column":4},"end":{"line":95,"column":55}},"22":{"start":{"line":98,"column":4},"end":{"line":98,"column":57}},"23":{"start":{"line":102,"column":4},"end":{"line":102,"column":33}},"24":{"start":{"line":105,"column":4},"end":{"line":105,"column":46}},"25":{"start":{"line":109,"column":4},"end":{"line":109,"column":38}}},"fnMap":{"0":{"name":"(anonymous_0)","decl":{"start":{"line":20,"column":2},"end":{"line":20,"column":3}},"loc":{"start":{"line":20,"column":102},"end":{"line":38,"column":3}},"line":20},"1":{"name":"(anonymous_1)","decl":{"start":{"line":41,"column":2},"end":{"line":41,"column":3}},"loc":{"start":{"line":41,"column":30},"end":{"line":43,"column":3}},"line":41},"2":{"name":"(anonymous_2)","decl":{"start":{"line":44,"column":2},"end":{"line":44,"column":3}},"loc":{"start":{"line":44,"column":32},"end":{"line":46,"column":3}},"line":44},"3":{"name":"(anonymous_3)","decl":{"start":{"line":47,"column":2},"end":{"line":47,"column":3}},"loc":{"start":{"line":47,"column":24},"end":{"line":49,"column":3}},"line":47},"4":{"name":"(anonymous_4)","decl":{"start":{"line":50,"column":2},"end":{"line":50,"column":3}},"loc":{"start":{"line":50,"column":23},"end":{"line":52,"column":3}},"line":50},"5":{"name":"(anonymous_5)","decl":{"start":{"line":53,"column":2},"end":{"line":53,"column":3}},"loc":{"start":{"line":53,"column":23},"end":{"line":55,"column":3}},"line":53},"6":{"name":"(anonymous_6)","decl":{"start":{"line":59,"column":2},"end":{"line":59,"column":3}},"loc":{"start":{"line":59,"column":22},"end":{"line":61,"column":3}},"line":59},"7":{"name":"(anonymous_7)","decl":{"start":{"line":70,"column":2},"end":{"line":70,"column":3}},"loc":{"start":{"line":70,"column":20},"end":{"line":72,"column":3}},"line":70},"8":{"name":"(anonymous_8)","decl":{"start":{"line":76,"column":2},"end":{"line":76,"column":3}},"loc":{"start":{"line":76,"column":32},"end":{"line":78,"column":3}},"line":76},"9":{"name":"(anonymous_9)","decl":{"start":{"line":81,"column":2},"end":{"line":81,"column":3}},"loc":{"start":{"line":81,"column":34},"end":{"line":83,"column":3}},"line":81},"10":{"name":"(anonymous_10)","decl":{"start":{"line":86,"column":2},"end":{"line":86,"column":3}},"loc":{"start":{"line":86,"column":31},"end":{"line":88,"column":3}},"line":86},"11":{"name":"(anonymous_11)","decl":{"start":{"line":90,"column":2},"end":{"line":90,"column":3}},"loc":{"start":{"line":90,"column":33},"end":{"line":92,"column":3}},"line":90},"12":{"name":"(anonymous_12)","decl":{"start":{"line":94,"column":2},"end":{"line":94,"column":3}},"loc":{"start":{"line":94,"column":30},"end":{"line":96,"column":3}},"line":94},"13":{"name":"(anonymous_13)","decl":{"start":{"line":97,"column":2},"end":{"line":97,"column":3}},"loc":{"start":{"line":97,"column":32},"end":{"line":99,"column":3}},"line":97},"14":{"name":"(anonymous_14)","decl":{"start":{"line":101,"column":2},"end":{"line":101,"column":3}},"loc":{"start":{"line":101,"column":8},"end":{"line":103,"column":3}},"line":101},"15":{"name":"(anonymous_15)","decl":{"start":{"line":104,"column":2},"end":{"line":104,"column":3}},"loc":{"start":{"line":104,"column":20},"end":{"line":106,"column":3}},"line":104},"16":{"name":"(anonymous_16)","decl":{"start":{"line":108,"column":2},"end":{"line":108,"column":3}},"loc":{"start":{"line":108,"column":13},"end":{"line":110,"column":3}},"line":108}},"branchMap":{"0":{"loc":{"start":{"line":20,"column":14},"end":{"line":20,"column":84}},"type":"default-arg","locations":[{"start":{"line":20,"column":25},"end":{"line":20,"column":84}}],"line":20},"1":{"loc":{"start":{"line":20,"column":25},"end":{"line":20,"column":84}},"type":"cond-expr","locations":[{"start":{"line":20,"column":57},"end":{"line":20,"column":72}},{"start":{"line":20,"column":75},"end":{"line":20,"column":84}}],"line":20},"2":{"loc":{"start":{"line":22,"column":4},"end":{"line":24,"column":5}},"type":"if","locations":[{"start":{"line":22,"column":4},"end":{"line":24,"column":5}},{"start":{},"end":{}}],"line":22},"3":{"loc":{"start":{"line":28,"column":4},"end":{"line":31,"column":5}},"type":"if","locations":[{"start":{"line":28,"column":4},"end":{"line":31,"column":5}},{"start":{},"end":{}}],"line":28}},"s":{"0":23,"1":23,"2":23,"3":23,"4":23,"5":23,"6":23,"7":0,"8":23,"9":23,"10":2,"11":3,"12":0,"13":2,"14":2,"15":2,"16":1,"17":1,"18":1,"19":1,"20":1,"21":1,"22":1,"23":1,"24":1,"25":1},"f":{"0":23,"1":2,"2":3,"3":0,"4":2,"5":2,"6":2,"7":1,"8":1,"9":1,"10":1,"11":1,"12":1,"13":1,"14":1,"15":1,"16":1},"b":{"0":[0],"1":[0,0],"2":[23,0],"3":[0,23]},"_coverageSchema":"1a1c01bbd47fc00a2c39e90264f33305004495a9","hash":"c4a687fa471ba50a45ecfdca6b7b6e417618fa1b"}
,"C:\\Users\\Daniel\\Desktop\\Informatica\\TFG\\onirix-multiplayer-module\\src\\managers\\ConnectionManager.js": {"path":"C:\\Users\\Daniel\\Desktop\\Informatica\\TFG\\onirix-multiplayer-module\\src\\managers\\ConnectionManager.js","statementMap":{"0":{"start":{"line":10,"column":11},"end":{"line":10,"column":13}},"1":{"start":{"line":11,"column":9},"end":{"line":11,"column":11}},"2":{"start":{"line":13,"column":13},"end":{"line":13,"column":15}},"3":{"start":{"line":15,"column":13},"end":{"line":15,"column":15}},"4":{"start":{"line":17,"column":17},"end":{"line":17,"column":19}},"5":{"start":{"line":19,"column":17},"end":{"line":19,"column":19}},"6":{"start":{"line":21,"column":11},"end":{"line":21,"column":16}},"7":{"start":{"line":23,"column":19},"end":{"line":23,"column":21}},"8":{"start":{"line":25,"column":18},"end":{"line":25,"column":20}},"9":{"start":{"line":27,"column":17},"end":{"line":27,"column":19}},"10":{"start":{"line":29,"column":13},"end":{"line":29,"column":18}},"11":{"start":{"line":31,"column":11},"end":{"line":31,"column":13}},"12":{"start":{"line":34,"column":4},"end":{"line":34,"column":24}},"13":{"start":{"line":37,"column":4},"end":{"line":39,"column":5}},"14":{"start":{"line":38,"column":6},"end":{"line":38,"column":36}},"15":{"start":{"line":40,"column":4},"end":{"line":40,"column":26}},"16":{"start":{"line":42,"column":4},"end":{"line":42,"column":26}},"17":{"start":{"line":45,"column":4},"end":{"line":45,"column":46}},"18":{"start":{"line":47,"column":4},"end":{"line":53,"column":7}},"19":{"start":{"line":48,"column":6},"end":{"line":52,"column":14}},"20":{"start":{"line":49,"column":8},"end":{"line":49,"column":18}},"21":{"start":{"line":51,"column":8},"end":{"line":51,"column":39}},"22":{"start":{"line":59,"column":4},"end":{"line":66,"column":7}},"23":{"start":{"line":60,"column":6},"end":{"line":65,"column":7}},"24":{"start":{"line":61,"column":8},"end":{"line":61,"column":40}},"25":{"start":{"line":64,"column":8},"end":{"line":64,"column":39}},"26":{"start":{"line":69,"column":4},"end":{"line":74,"column":7}},"27":{"start":{"line":70,"column":6},"end":{"line":72,"column":7}},"28":{"start":{"line":71,"column":8},"end":{"line":71,"column":33}},"29":{"start":{"line":73,"column":6},"end":{"line":73,"column":60}},"30":{"start":{"line":76,"column":4},"end":{"line":82,"column":7}},"31":{"start":{"line":78,"column":6},"end":{"line":78,"column":27}},"32":{"start":{"line":79,"column":6},"end":{"line":79,"column":24}},"33":{"start":{"line":80,"column":6},"end":{"line":80,"column":41}},"34":{"start":{"line":84,"column":4},"end":{"line":94,"column":7}},"35":{"start":{"line":85,"column":6},"end":{"line":88,"column":7}},"36":{"start":{"line":86,"column":8},"end":{"line":86,"column":29}},"37":{"start":{"line":87,"column":8},"end":{"line":87,"column":28}},"38":{"start":{"line":89,"column":6},"end":{"line":92,"column":7}},"39":{"start":{"line":90,"column":8},"end":{"line":90,"column":29}},"40":{"start":{"line":91,"column":8},"end":{"line":91,"column":32}},"41":{"start":{"line":93,"column":6},"end":{"line":93,"column":59}},"42":{"start":{"line":97,"column":4},"end":{"line":103,"column":7}},"43":{"start":{"line":98,"column":6},"end":{"line":98,"column":25}},"44":{"start":{"line":99,"column":6},"end":{"line":102,"column":7}},"45":{"start":{"line":100,"column":8},"end":{"line":100,"column":38}},"46":{"start":{"line":101,"column":8},"end":{"line":101,"column":27}},"47":{"start":{"line":106,"column":4},"end":{"line":114,"column":7}},"48":{"start":{"line":107,"column":6},"end":{"line":111,"column":7}},"49":{"start":{"line":108,"column":8},"end":{"line":108,"column":29}},"50":{"start":{"line":110,"column":8},"end":{"line":110,"column":32}},"51":{"start":{"line":112,"column":6},"end":{"line":112,"column":54}},"52":{"start":{"line":113,"column":6},"end":{"line":113,"column":31}},"53":{"start":{"line":119,"column":4},"end":{"line":121,"column":5}},"54":{"start":{"line":119,"column":17},"end":{"line":119,"column":18}},"55":{"start":{"line":120,"column":6},"end":{"line":120,"column":35}},"56":{"start":{"line":126,"column":4},"end":{"line":126,"column":35}},"57":{"start":{"line":131,"column":4},"end":{"line":135,"column":5}},"58":{"start":{"line":131,"column":17},"end":{"line":131,"column":18}},"59":{"start":{"line":132,"column":6},"end":{"line":134,"column":7}},"60":{"start":{"line":133,"column":8},"end":{"line":133,"column":41}},"61":{"start":{"line":140,"column":4},"end":{"line":142,"column":5}},"62":{"start":{"line":140,"column":17},"end":{"line":140,"column":18}},"63":{"start":{"line":141,"column":6},"end":{"line":141,"column":34}},"64":{"start":{"line":147,"column":4},"end":{"line":147,"column":34}},"65":{"start":{"line":152,"column":4},"end":{"line":156,"column":5}},"66":{"start":{"line":152,"column":17},"end":{"line":152,"column":18}},"67":{"start":{"line":153,"column":6},"end":{"line":155,"column":7}},"68":{"start":{"line":154,"column":8},"end":{"line":154,"column":40}},"69":{"start":{"line":161,"column":4},"end":{"line":163,"column":5}},"70":{"start":{"line":161,"column":17},"end":{"line":161,"column":18}},"71":{"start":{"line":162,"column":6},"end":{"line":162,"column":33}},"72":{"start":{"line":168,"column":4},"end":{"line":168,"column":33}},"73":{"start":{"line":173,"column":4},"end":{"line":177,"column":5}},"74":{"start":{"line":173,"column":17},"end":{"line":173,"column":18}},"75":{"start":{"line":174,"column":6},"end":{"line":176,"column":7}},"76":{"start":{"line":175,"column":8},"end":{"line":175,"column":39}},"77":{"start":{"line":182,"column":4},"end":{"line":182,"column":39}},"78":{"start":{"line":190,"column":4},"end":{"line":190,"column":21}},"79":{"start":{"line":191,"column":4},"end":{"line":191,"column":24}},"80":{"start":{"line":192,"column":4},"end":{"line":196,"column":7}},"81":{"start":{"line":194,"column":6},"end":{"line":194,"column":32}},"82":{"start":{"line":195,"column":6},"end":{"line":195,"column":28}},"83":{"start":{"line":197,"column":4},"end":{"line":197,"column":43}},"84":{"start":{"line":206,"column":4},"end":{"line":208,"column":5}},"85":{"start":{"line":207,"column":6},"end":{"line":207,"column":33}},"86":{"start":{"line":209,"column":4},"end":{"line":209,"column":24}},"87":{"start":{"line":210,"column":4},"end":{"line":217,"column":7}},"88":{"start":{"line":212,"column":6},"end":{"line":212,"column":32}},"89":{"start":{"line":213,"column":6},"end":{"line":216,"column":7}},"90":{"start":{"line":214,"column":8},"end":{"line":214,"column":23}},"91":{"start":{"line":215,"column":8},"end":{"line":215,"column":31}},"92":{"start":{"line":219,"column":4},"end":{"line":219,"column":43}},"93":{"start":{"line":227,"column":4},"end":{"line":227,"column":23}},"94":{"start":{"line":228,"column":4},"end":{"line":228,"column":46}},"95":{"start":{"line":230,"column":4},"end":{"line":230,"column":19}},"96":{"start":{"line":231,"column":4},"end":{"line":231,"column":27}},"97":{"start":{"line":232,"column":4},"end":{"line":232,"column":41}},"98":{"start":{"line":237,"column":2},"end":{"line":237,"column":27}},"99":{"start":{"line":245,"column":4},"end":{"line":245,"column":23}},"100":{"start":{"line":246,"column":4},"end":{"line":249,"column":5}},"101":{"start":{"line":247,"column":6},"end":{"line":247,"column":28}},"102":{"start":{"line":251,"column":4},"end":{"line":251,"column":21}},"103":{"start":{"line":253,"column":4},"end":{"line":253,"column":45}},"104":{"start":{"line":254,"column":4},"end":{"line":254,"column":40}},"105":{"start":{"line":262,"column":4},"end":{"line":262,"column":46}},"106":{"start":{"line":264,"column":4},"end":{"line":264,"column":19}},"107":{"start":{"line":273,"column":4},"end":{"line":273,"column":27}},"108":{"start":{"line":275,"column":4},"end":{"line":275,"column":36}},"109":{"start":{"line":276,"column":4},"end":{"line":276,"column":32}},"110":{"start":{"line":277,"column":4},"end":{"line":277,"column":29}},"111":{"start":{"line":278,"column":4},"end":{"line":278,"column":32}},"112":{"start":{"line":279,"column":4},"end":{"line":279,"column":39}},"113":{"start":{"line":280,"column":4},"end":{"line":280,"column":59}},"114":{"start":{"line":287,"column":4},"end":{"line":287,"column":45}},"115":{"start":{"line":291,"column":4},"end":{"line":291,"column":46}},"116":{"start":{"line":293,"column":4},"end":{"line":298,"column":7}},"117":{"start":{"line":294,"column":6},"end":{"line":297,"column":14}},"118":{"start":{"line":295,"column":8},"end":{"line":295,"column":31}},"119":{"start":{"line":312,"column":4},"end":{"line":314,"column":5}},"120":{"start":{"line":313,"column":6},"end":{"line":313,"column":72}},"121":{"start":{"line":316,"column":4},"end":{"line":320,"column":7}},"122":{"start":{"line":317,"column":6},"end":{"line":319,"column":14}},"123":{"start":{"line":318,"column":8},"end":{"line":318,"column":39}},"124":{"start":{"line":325,"column":4},"end":{"line":325,"column":29}}},"fnMap":{"0":{"name":"(anonymous_0)","decl":{"start":{"line":33,"column":2},"end":{"line":33,"column":3}},"loc":{"start":{"line":33,"column":24},"end":{"line":115,"column":3}},"line":33},"1":{"name":"(anonymous_1)","decl":{"start":{"line":47,"column":16},"end":{"line":47,"column":17}},"loc":{"start":{"line":47,"column":27},"end":{"line":53,"column":5}},"line":47},"2":{"name":"(anonymous_2)","decl":{"start":{"line":48,"column":17},"end":{"line":48,"column":18}},"loc":{"start":{"line":48,"column":23},"end":{"line":52,"column":7}},"line":48},"3":{"name":"(anonymous_3)","decl":{"start":{"line":59,"column":32},"end":{"line":59,"column":33}},"loc":{"start":{"line":59,"column":42},"end":{"line":66,"column":5}},"line":59},"4":{"name":"(anonymous_4)","decl":{"start":{"line":69,"column":32},"end":{"line":69,"column":33}},"loc":{"start":{"line":69,"column":42},"end":{"line":74,"column":5}},"line":69},"5":{"name":"(anonymous_5)","decl":{"start":{"line":76,"column":28},"end":{"line":76,"column":29}},"loc":{"start":{"line":76,"column":34},"end":{"line":82,"column":5}},"line":76},"6":{"name":"(anonymous_6)","decl":{"start":{"line":84,"column":32},"end":{"line":84,"column":33}},"loc":{"start":{"line":84,"column":42},"end":{"line":94,"column":5}},"line":84},"7":{"name":"(anonymous_7)","decl":{"start":{"line":97,"column":29},"end":{"line":97,"column":30}},"loc":{"start":{"line":97,"column":39},"end":{"line":103,"column":5}},"line":97},"8":{"name":"(anonymous_8)","decl":{"start":{"line":106,"column":32},"end":{"line":106,"column":33}},"loc":{"start":{"line":106,"column":42},"end":{"line":114,"column":5}},"line":106},"9":{"name":"(anonymous_9)","decl":{"start":{"line":118,"column":2},"end":{"line":118,"column":3}},"loc":{"start":{"line":118,"column":29},"end":{"line":122,"column":3}},"line":118},"10":{"name":"(anonymous_10)","decl":{"start":{"line":125,"column":2},"end":{"line":125,"column":3}},"loc":{"start":{"line":125,"column":32},"end":{"line":127,"column":3}},"line":125},"11":{"name":"(anonymous_11)","decl":{"start":{"line":130,"column":2},"end":{"line":130,"column":3}},"loc":{"start":{"line":130,"column":34},"end":{"line":136,"column":3}},"line":130},"12":{"name":"(anonymous_12)","decl":{"start":{"line":139,"column":2},"end":{"line":139,"column":3}},"loc":{"start":{"line":139,"column":28},"end":{"line":143,"column":3}},"line":139},"13":{"name":"(anonymous_13)","decl":{"start":{"line":146,"column":2},"end":{"line":146,"column":3}},"loc":{"start":{"line":146,"column":31},"end":{"line":148,"column":3}},"line":146},"14":{"name":"(anonymous_14)","decl":{"start":{"line":151,"column":2},"end":{"line":151,"column":3}},"loc":{"start":{"line":151,"column":33},"end":{"line":157,"column":3}},"line":151},"15":{"name":"(anonymous_15)","decl":{"start":{"line":160,"column":2},"end":{"line":160,"column":3}},"loc":{"start":{"line":160,"column":27},"end":{"line":164,"column":3}},"line":160},"16":{"name":"(anonymous_16)","decl":{"start":{"line":167,"column":2},"end":{"line":167,"column":3}},"loc":{"start":{"line":167,"column":30},"end":{"line":169,"column":3}},"line":167},"17":{"name":"(anonymous_17)","decl":{"start":{"line":172,"column":2},"end":{"line":172,"column":3}},"loc":{"start":{"line":172,"column":32},"end":{"line":178,"column":3}},"line":172},"18":{"name":"(anonymous_18)","decl":{"start":{"line":181,"column":2},"end":{"line":181,"column":3}},"loc":{"start":{"line":181,"column":8},"end":{"line":183,"column":3}},"line":181},"19":{"name":"(anonymous_19)","decl":{"start":{"line":189,"column":2},"end":{"line":189,"column":3}},"loc":{"start":{"line":189,"column":19},"end":{"line":198,"column":3}},"line":189},"20":{"name":"(anonymous_20)","decl":{"start":{"line":192,"column":47},"end":{"line":192,"column":48}},"loc":{"start":{"line":192,"column":61},"end":{"line":196,"column":5}},"line":192},"21":{"name":"(anonymous_21)","decl":{"start":{"line":205,"column":2},"end":{"line":205,"column":3}},"loc":{"start":{"line":205,"column":15},"end":{"line":220,"column":3}},"line":205},"22":{"name":"(anonymous_22)","decl":{"start":{"line":210,"column":45},"end":{"line":210,"column":46}},"loc":{"start":{"line":210,"column":59},"end":{"line":217,"column":5}},"line":210},"23":{"name":"(anonymous_23)","decl":{"start":{"line":226,"column":2},"end":{"line":226,"column":3}},"loc":{"start":{"line":226,"column":19},"end":{"line":233,"column":3}},"line":226},"24":{"name":"(anonymous_24)","decl":{"start":{"line":236,"column":0},"end":{"line":236,"column":1}},"loc":{"start":{"line":236,"column":12},"end":{"line":238,"column":1}},"line":236},"25":{"name":"(anonymous_25)","decl":{"start":{"line":244,"column":2},"end":{"line":244,"column":3}},"loc":{"start":{"line":244,"column":17},"end":{"line":255,"column":3}},"line":244},"26":{"name":"(anonymous_26)","decl":{"start":{"line":260,"column":2},"end":{"line":260,"column":3}},"loc":{"start":{"line":260,"column":14},"end":{"line":265,"column":3}},"line":260},"27":{"name":"(anonymous_27)","decl":{"start":{"line":272,"column":2},"end":{"line":272,"column":3}},"loc":{"start":{"line":272,"column":16},"end":{"line":281,"column":3}},"line":272},"28":{"name":"(anonymous_28)","decl":{"start":{"line":286,"column":2},"end":{"line":286,"column":3}},"loc":{"start":{"line":286,"column":13},"end":{"line":288,"column":3}},"line":286},"29":{"name":"(anonymous_29)","decl":{"start":{"line":290,"column":2},"end":{"line":290,"column":3}},"loc":{"start":{"line":290,"column":20},"end":{"line":301,"column":3}},"line":290},"30":{"name":"(anonymous_30)","decl":{"start":{"line":293,"column":23},"end":{"line":293,"column":24}},"loc":{"start":{"line":293,"column":34},"end":{"line":298,"column":5}},"line":293},"31":{"name":"(anonymous_31)","decl":{"start":{"line":294,"column":17},"end":{"line":294,"column":18}},"loc":{"start":{"line":294,"column":23},"end":{"line":297,"column":7}},"line":294},"32":{"name":"(anonymous_32)","decl":{"start":{"line":308,"column":2},"end":{"line":308,"column":3}},"loc":{"start":{"line":308,"column":26},"end":{"line":321,"column":3}},"line":308},"33":{"name":"(anonymous_33)","decl":{"start":{"line":316,"column":23},"end":{"line":316,"column":24}},"loc":{"start":{"line":316,"column":34},"end":{"line":320,"column":5}},"line":316},"34":{"name":"(anonymous_34)","decl":{"start":{"line":317,"column":17},"end":{"line":317,"column":18}},"loc":{"start":{"line":317,"column":23},"end":{"line":319,"column":7}},"line":317},"35":{"name":"(anonymous_35)","decl":{"start":{"line":324,"column":2},"end":{"line":324,"column":3}},"loc":{"start":{"line":324,"column":20},"end":{"line":326,"column":3}},"line":324}},"branchMap":{"0":{"loc":{"start":{"line":37,"column":4},"end":{"line":39,"column":5}},"type":"if","locations":[{"start":{"line":37,"column":4},"end":{"line":39,"column":5}},{"start":{},"end":{}}],"line":37},"1":{"loc":{"start":{"line":60,"column":6},"end":{"line":65,"column":7}},"type":"if","locations":[{"start":{"line":60,"column":6},"end":{"line":65,"column":7}},{"start":{"line":63,"column":11},"end":{"line":65,"column":7}}],"line":60},"2":{"loc":{"start":{"line":70,"column":6},"end":{"line":72,"column":7}},"type":"if","locations":[{"start":{"line":70,"column":6},"end":{"line":72,"column":7}},{"start":{},"end":{}}],"line":70},"3":{"loc":{"start":{"line":85,"column":6},"end":{"line":88,"column":7}},"type":"if","locations":[{"start":{"line":85,"column":6},"end":{"line":88,"column":7}},{"start":{},"end":{}}],"line":85},"4":{"loc":{"start":{"line":89,"column":6},"end":{"line":92,"column":7}},"type":"if","locations":[{"start":{"line":89,"column":6},"end":{"line":92,"column":7}},{"start":{},"end":{}}],"line":89},"5":{"loc":{"start":{"line":99,"column":6},"end":{"line":102,"column":7}},"type":"if","locations":[{"start":{"line":99,"column":6},"end":{"line":102,"column":7}},{"start":{},"end":{}}],"line":99},"6":{"loc":{"start":{"line":107,"column":6},"end":{"line":111,"column":7}},"type":"if","locations":[{"start":{"line":107,"column":6},"end":{"line":111,"column":7}},{"start":{},"end":{}}],"line":107},"7":{"loc":{"start":{"line":132,"column":6},"end":{"line":134,"column":7}},"type":"if","locations":[{"start":{"line":132,"column":6},"end":{"line":134,"column":7}},{"start":{},"end":{}}],"line":132},"8":{"loc":{"start":{"line":153,"column":6},"end":{"line":155,"column":7}},"type":"if","locations":[{"start":{"line":153,"column":6},"end":{"line":155,"column":7}},{"start":{},"end":{}}],"line":153},"9":{"loc":{"start":{"line":174,"column":6},"end":{"line":176,"column":7}},"type":"if","locations":[{"start":{"line":174,"column":6},"end":{"line":176,"column":7}},{"start":{},"end":{}}],"line":174},"10":{"loc":{"start":{"line":206,"column":4},"end":{"line":208,"column":5}},"type":"if","locations":[{"start":{"line":206,"column":4},"end":{"line":208,"column":5}},{"start":{},"end":{}}],"line":206},"11":{"loc":{"start":{"line":213,"column":6},"end":{"line":216,"column":7}},"type":"if","locations":[{"start":{"line":213,"column":6},"end":{"line":216,"column":7}},{"start":{},"end":{}}],"line":213},"12":{"loc":{"start":{"line":246,"column":4},"end":{"line":249,"column":5}},"type":"if","locations":[{"start":{"line":246,"column":4},"end":{"line":249,"column":5}},{"start":{},"end":{}}],"line":246},"13":{"loc":{"start":{"line":312,"column":4},"end":{"line":314,"column":5}},"type":"if","locations":[{"start":{"line":312,"column":4},"end":{"line":314,"column":5}},{"start":{},"end":{}}],"line":312}},"s":{"0":26,"1":26,"2":26,"3":26,"4":26,"5":26,"6":26,"7":26,"8":26,"9":26,"10":26,"11":26,"12":26,"13":26,"14":0,"15":26,"16":26,"17":26,"18":26,"19":26,"20":14,"21":14,"22":26,"23":0,"24":0,"25":0,"26":26,"27":0,"28":0,"29":0,"30":26,"31":0,"32":0,"33":0,"34":26,"35":0,"36":0,"37":0,"38":0,"39":0,"40":0,"41":0,"42":26,"43":0,"44":0,"45":0,"46":0,"47":26,"48":0,"49":0,"50":0,"51":0,"52":0,"53":2,"54":2,"55":1,"56":2,"57":1,"58":1,"59":1,"60":1,"61":2,"62":2,"63":1,"64":2,"65":1,"66":1,"67":1,"68":1,"69":2,"70":2,"71":1,"72":2,"73":1,"74":1,"75":1,"76":1,"77":1,"78":3,"79":3,"80":3,"81":1,"82":1,"83":3,"84":2,"85":1,"86":1,"87":1,"88":0,"89":0,"90":0,"91":0,"92":1,"93":2,"94":2,"95":2,"96":2,"97":2,"98":1,"99":4,"100":4,"101":1,"102":4,"103":4,"104":4,"105":2,"106":2,"107":2,"108":2,"109":2,"110":2,"111":2,"112":2,"113":2,"114":1,"115":1,"116":1,"117":1,"118":1,"119":4,"120":1,"121":4,"122":4,"123":3,"124":1},"f":{"0":26,"1":26,"2":14,"3":0,"4":0,"5":0,"6":0,"7":0,"8":0,"9":2,"10":2,"11":1,"12":2,"13":2,"14":1,"15":2,"16":2,"17":1,"18":1,"19":3,"20":1,"21":2,"22":0,"23":2,"24":1,"25":4,"26":2,"27":2,"28":1,"29":1,"30":1,"31":1,"32":4,"33":4,"34":3,"35":1},"b":{"0":[0,26],"1":[0,0],"2":[0,0],"3":[0,0],"4":[0,0],"5":[0,0],"6":[0,0],"7":[1,0],"8":[1,0],"9":[1,0],"10":[1,1],"11":[0,0],"12":[1,3],"13":[1,3]},"_coverageSchema":"1a1c01bbd47fc00a2c39e90264f33305004495a9","hash":"70067af990d2414c11af95e654ea8eab4cec6741"}
,"C:\\Users\\Daniel\\Desktop\\Informatica\\TFG\\onirix-multiplayer-module\\src\\managers\\EventManager.js": {"path":"C:\\Users\\Daniel\\Desktop\\Informatica\\TFG\\onirix-multiplayer-module\\src\\managers\\EventManager.js","statementMap":{"0":{"start":{"line":7,"column":13},"end":{"line":7,"column":15}},"1":{"start":{"line":12,"column":11},"end":{"line":31,"column":3}},"2":{"start":{"line":34,"column":4},"end":{"line":34,"column":24}},"3":{"start":{"line":39,"column":4},"end":{"line":179,"column":5}},"4":{"start":{"line":41,"column":8},"end":{"line":45,"column":10}},"5":{"start":{"line":46,"column":8},"end":{"line":46,"column":37}},"6":{"start":{"line":47,"column":8},"end":{"line":47,"column":14}},"7":{"start":{"line":49,"column":8},"end":{"line":53,"column":10}},"8":{"start":{"line":54,"column":8},"end":{"line":54,"column":38}},"9":{"start":{"line":55,"column":8},"end":{"line":55,"column":14}},"10":{"start":{"line":57,"column":8},"end":{"line":57,"column":34}},"11":{"start":{"line":58,"column":8},"end":{"line":58,"column":41}},"12":{"start":{"line":59,"column":8},"end":{"line":59,"column":14}},"13":{"start":{"line":61,"column":8},"end":{"line":61,"column":35}},"14":{"start":{"line":62,"column":8},"end":{"line":62,"column":42}},"15":{"start":{"line":63,"column":8},"end":{"line":63,"column":14}},"16":{"start":{"line":65,"column":8},"end":{"line":72,"column":10}},"17":{"start":{"line":73,"column":8},"end":{"line":73,"column":37}},"18":{"start":{"line":74,"column":8},"end":{"line":74,"column":14}},"19":{"start":{"line":76,"column":8},"end":{"line":80,"column":10}},"20":{"start":{"line":81,"column":8},"end":{"line":81,"column":37}},"21":{"start":{"line":82,"column":8},"end":{"line":82,"column":14}},"22":{"start":{"line":84,"column":8},"end":{"line":84,"column":60}},"23":{"start":{"line":85,"column":8},"end":{"line":85,"column":45}},"24":{"start":{"line":86,"column":8},"end":{"line":86,"column":14}},"25":{"start":{"line":88,"column":8},"end":{"line":88,"column":41}},"26":{"start":{"line":89,"column":8},"end":{"line":89,"column":35}},"27":{"start":{"line":90,"column":8},"end":{"line":90,"column":14}},"28":{"start":{"line":92,"column":8},"end":{"line":92,"column":42}},"29":{"start":{"line":93,"column":8},"end":{"line":93,"column":36}},"30":{"start":{"line":94,"column":8},"end":{"line":94,"column":14}},"31":{"start":{"line":96,"column":8},"end":{"line":103,"column":10}},"32":{"start":{"line":104,"column":8},"end":{"line":104,"column":40}},"33":{"start":{"line":105,"column":8},"end":{"line":105,"column":14}},"34":{"start":{"line":107,"column":8},"end":{"line":114,"column":10}},"35":{"start":{"line":115,"column":8},"end":{"line":115,"column":40}},"36":{"start":{"line":116,"column":8},"end":{"line":116,"column":14}},"37":{"start":{"line":118,"column":8},"end":{"line":126,"column":10}},"38":{"start":{"line":127,"column":8},"end":{"line":127,"column":51}},"39":{"start":{"line":128,"column":8},"end":{"line":128,"column":14}},"40":{"start":{"line":130,"column":8},"end":{"line":137,"column":10}},"41":{"start":{"line":138,"column":8},"end":{"line":138,"column":36}},"42":{"start":{"line":139,"column":8},"end":{"line":139,"column":14}},"43":{"start":{"line":141,"column":8},"end":{"line":147,"column":10}},"44":{"start":{"line":148,"column":8},"end":{"line":148,"column":45}},"45":{"start":{"line":149,"column":8},"end":{"line":149,"column":14}},"46":{"start":{"line":151,"column":8},"end":{"line":151,"column":50}},"47":{"start":{"line":152,"column":8},"end":{"line":152,"column":14}},"48":{"start":{"line":154,"column":8},"end":{"line":161,"column":10}},"49":{"start":{"line":162,"column":8},"end":{"line":162,"column":52}},"50":{"start":{"line":163,"column":8},"end":{"line":163,"column":14}},"51":{"start":{"line":165,"column":8},"end":{"line":170,"column":10}},"52":{"start":{"line":171,"column":8},"end":{"line":171,"column":51}},"53":{"start":{"line":172,"column":8},"end":{"line":172,"column":14}},"54":{"start":{"line":174,"column":8},"end":{"line":174,"column":36}},"55":{"start":{"line":175,"column":8},"end":{"line":175,"column":43}},"56":{"start":{"line":176,"column":8},"end":{"line":176,"column":14}},"57":{"start":{"line":178,"column":8},"end":{"line":178,"column":40}}},"fnMap":{"0":{"name":"(anonymous_0)","decl":{"start":{"line":33,"column":2},"end":{"line":33,"column":3}},"loc":{"start":{"line":33,"column":19},"end":{"line":36,"column":3}},"line":33},"1":{"name":"(anonymous_1)","decl":{"start":{"line":38,"column":2},"end":{"line":38,"column":3}},"loc":{"start":{"line":38,"column":17},"end":{"line":180,"column":3}},"line":38}},"branchMap":{"0":{"loc":{"start":{"line":39,"column":4},"end":{"line":179,"column":5}},"type":"switch","locations":[{"start":{"line":40,"column":6},"end":{"line":47,"column":14}},{"start":{"line":48,"column":6},"end":{"line":55,"column":14}},{"start":{"line":56,"column":6},"end":{"line":59,"column":14}},{"start":{"line":60,"column":6},"end":{"line":63,"column":14}},{"start":{"line":64,"column":6},"end":{"line":74,"column":14}},{"start":{"line":75,"column":6},"end":{"line":82,"column":14}},{"start":{"line":83,"column":6},"end":{"line":86,"column":14}},{"start":{"line":87,"column":6},"end":{"line":90,"column":14}},{"start":{"line":91,"column":6},"end":{"line":94,"column":14}},{"start":{"line":95,"column":6},"end":{"line":105,"column":14}},{"start":{"line":106,"column":6},"end":{"line":116,"column":14}},{"start":{"line":117,"column":6},"end":{"line":128,"column":14}},{"start":{"line":129,"column":6},"end":{"line":139,"column":14}},{"start":{"line":140,"column":6},"end":{"line":149,"column":14}},{"start":{"line":150,"column":6},"end":{"line":152,"column":14}},{"start":{"line":153,"column":6},"end":{"line":163,"column":14}},{"start":{"line":164,"column":6},"end":{"line":172,"column":14}},{"start":{"line":173,"column":6},"end":{"line":176,"column":14}},{"start":{"line":177,"column":6},"end":{"line":178,"column":40}}],"line":39},"1":{"loc":{"start":{"line":43,"column":10},"end":{"line":43,"column":55}},"type":"cond-expr","locations":[{"start":{"line":43,"column":36},"end":{"line":43,"column":51}},{"start":{"line":43,"column":54},"end":{"line":43,"column":55}}],"line":43},"2":{"loc":{"start":{"line":44,"column":10},"end":{"line":44,"column":43}},"type":"cond-expr","locations":[{"start":{"line":44,"column":30},"end":{"line":44,"column":39}},{"start":{"line":44,"column":42},"end":{"line":44,"column":43}}],"line":44},"3":{"loc":{"start":{"line":51,"column":10},"end":{"line":51,"column":55}},"type":"cond-expr","locations":[{"start":{"line":51,"column":36},"end":{"line":51,"column":51}},{"start":{"line":51,"column":54},"end":{"line":51,"column":55}}],"line":51},"4":{"loc":{"start":{"line":52,"column":10},"end":{"line":52,"column":43}},"type":"cond-expr","locations":[{"start":{"line":52,"column":30},"end":{"line":52,"column":39}},{"start":{"line":52,"column":42},"end":{"line":52,"column":43}}],"line":52},"5":{"loc":{"start":{"line":78,"column":10},"end":{"line":78,"column":55}},"type":"cond-expr","locations":[{"start":{"line":78,"column":36},"end":{"line":78,"column":51}},{"start":{"line":78,"column":54},"end":{"line":78,"column":55}}],"line":78},"6":{"loc":{"start":{"line":79,"column":10},"end":{"line":79,"column":43}},"type":"cond-expr","locations":[{"start":{"line":79,"column":30},"end":{"line":79,"column":39}},{"start":{"line":79,"column":42},"end":{"line":79,"column":43}}],"line":79},"7":{"loc":{"start":{"line":145,"column":10},"end":{"line":145,"column":55}},"type":"cond-expr","locations":[{"start":{"line":145,"column":34},"end":{"line":145,"column":47}},{"start":{"line":145,"column":50},"end":{"line":145,"column":55}}],"line":145}},"s":{"0":49,"1":49,"2":49,"3":28,"4":4,"5":4,"6":4,"7":4,"8":4,"9":4,"10":1,"11":1,"12":1,"13":1,"14":1,"15":1,"16":1,"17":1,"18":1,"19":1,"20":1,"21":1,"22":1,"23":1,"24":1,"25":1,"26":1,"27":1,"28":2,"29":2,"30":2,"31":1,"32":1,"33":1,"34":1,"35":1,"36":1,"37":1,"38":1,"39":1,"40":1,"41":1,"42":1,"43":1,"44":1,"45":1,"46":1,"47":1,"48":1,"49":1,"50":1,"51":1,"52":1,"53":1,"54":2,"55":2,"56":2,"57":2},"f":{"0":49,"1":28},"b":{"0":[4,4,1,1,1,1,1,1,2,1,1,1,1,1,1,1,1,2,2],"1":[0,4],"2":[0,4],"3":[0,4],"4":[0,4],"5":[1,0],"6":[1,0],"7":[0,1]},"_coverageSchema":"1a1c01bbd47fc00a2c39e90264f33305004495a9","hash":"3c64117bea8f9f66d4e1845182e99a41cd94dbc7"}
,"C:\\Users\\Daniel\\Desktop\\Informatica\\TFG\\onirix-multiplayer-module\\src\\managers\\index.js": {"path":"C:\\Users\\Daniel\\Desktop\\Informatica\\TFG\\onirix-multiplayer-module\\src\\managers\\index.js","statementMap":{},"fnMap":{},"branchMap":{},"s":{},"f":{},"b":{},"_coverageSchema":"1a1c01bbd47fc00a2c39e90264f33305004495a9","hash":"ab7a10e593e6ae46653a65cc5fa12330d80b0b60"}
}
