{"C:\\Users\\Daniel\\Desktop\\Informatica\\TFG\\onirix-multiplayer-module\\src\\OnirixMultiplayerModule.js": {"path":"C:\\Users\\Daniel\\Desktop\\Informatica\\TFG\\onirix-multiplayer-module\\src\\OnirixMultiplayerModule.js","statementMap":{"0":{"start":{"line":9,"column":15},"end":{"line":9,"column":34}},"1":{"start":{"line":12,"column":13},"end":{"line":12,"column":15}},"2":{"start":{"line":14,"column":22},"end":{"line":14,"column":24}},"3":{"start":{"line":22,"column":4},"end":{"line":24,"column":5}},"4":{"start":{"line":23,"column":6},"end":{"line":23,"column":28}},"5":{"start":{"line":26,"column":4},"end":{"line":26,"column":30}},"6":{"start":{"line":28,"column":4},"end":{"line":31,"column":5}},"7":{"start":{"line":30,"column":6},"end":{"line":30,"column":76}},"8":{"start":{"line":33,"column":4},"end":{"line":33,"column":28}},"9":{"start":{"line":36,"column":4},"end":{"line":36,"column":83}},"10":{"start":{"line":42,"column":4},"end":{"line":42,"column":53}},"11":{"start":{"line":45,"column":4},"end":{"line":45,"column":55}},"12":{"start":{"line":49,"column":4},"end":{"line":49,"column":51}},"13":{"start":{"line":52,"column":4},"end":{"line":52,"column":46}},"14":{"start":{"line":58,"column":4},"end":{"line":58,"column":48}},"15":{"start":{"line":69,"column":4},"end":{"line":69,"column":52}},"16":{"start":{"line":75,"column":4},"end":{"line":75,"column":57}},"17":{"start":{"line":80,"column":4},"end":{"line":80,"column":59}},"18":{"start":{"line":85,"column":4},"end":{"line":85,"column":56}},"19":{"start":{"line":89,"column":4},"end":{"line":89,"column":58}},"20":{"start":{"line":93,"column":4},"end":{"line":93,"column":55}},"21":{"start":{"line":96,"column":4},"end":{"line":96,"column":57}},"22":{"start":{"line":100,"column":4},"end":{"line":100,"column":33}},"23":{"start":{"line":103,"column":4},"end":{"line":103,"column":46}},"24":{"start":{"line":107,"column":4},"end":{"line":107,"column":38}}},"fnMap":{"0":{"name":"(anonymous_0)","decl":{"start":{"line":20,"column":2},"end":{"line":20,"column":3}},"loc":{"start":{"line":20,"column":102},"end":{"line":38,"column":3}},"line":20},"1":{"name":"(anonymous_1)","decl":{"start":{"line":41,"column":2},"end":{"line":41,"column":3}},"loc":{"start":{"line":41,"column":30},"end":{"line":43,"column":3}},"line":41},"2":{"name":"(anonymous_2)","decl":{"start":{"line":44,"column":2},"end":{"line":44,"column":3}},"loc":{"start":{"line":44,"column":32},"end":{"line":46,"column":3}},"line":44},"3":{"name":"(anonymous_3)","decl":{"start":{"line":48,"column":2},"end":{"line":48,"column":3}},"loc":{"start":{"line":48,"column":23},"end":{"line":50,"column":3}},"line":48},"4":{"name":"(anonymous_4)","decl":{"start":{"line":51,"column":2},"end":{"line":51,"column":3}},"loc":{"start":{"line":51,"column":23},"end":{"line":53,"column":3}},"line":51},"5":{"name":"(anonymous_5)","decl":{"start":{"line":57,"column":2},"end":{"line":57,"column":3}},"loc":{"start":{"line":57,"column":22},"end":{"line":59,"column":3}},"line":57},"6":{"name":"(anonymous_6)","decl":{"start":{"line":68,"column":2},"end":{"line":68,"column":3}},"loc":{"start":{"line":68,"column":20},"end":{"line":70,"column":3}},"line":68},"7":{"name":"(anonymous_7)","decl":{"start":{"line":74,"column":2},"end":{"line":74,"column":3}},"loc":{"start":{"line":74,"column":32},"end":{"line":76,"column":3}},"line":74},"8":{"name":"(anonymous_8)","decl":{"start":{"line":79,"column":2},"end":{"line":79,"column":3}},"loc":{"start":{"line":79,"column":34},"end":{"line":81,"column":3}},"line":79},"9":{"name":"(anonymous_9)","decl":{"start":{"line":84,"column":2},"end":{"line":84,"column":3}},"loc":{"start":{"line":84,"column":31},"end":{"line":86,"column":3}},"line":84},"10":{"name":"(anonymous_10)","decl":{"start":{"line":88,"column":2},"end":{"line":88,"column":3}},"loc":{"start":{"line":88,"column":33},"end":{"line":90,"column":3}},"line":88},"11":{"name":"(anonymous_11)","decl":{"start":{"line":92,"column":2},"end":{"line":92,"column":3}},"loc":{"start":{"line":92,"column":30},"end":{"line":94,"column":3}},"line":92},"12":{"name":"(anonymous_12)","decl":{"start":{"line":95,"column":2},"end":{"line":95,"column":3}},"loc":{"start":{"line":95,"column":32},"end":{"line":97,"column":3}},"line":95},"13":{"name":"(anonymous_13)","decl":{"start":{"line":99,"column":2},"end":{"line":99,"column":3}},"loc":{"start":{"line":99,"column":8},"end":{"line":101,"column":3}},"line":99},"14":{"name":"(anonymous_14)","decl":{"start":{"line":102,"column":2},"end":{"line":102,"column":3}},"loc":{"start":{"line":102,"column":20},"end":{"line":104,"column":3}},"line":102},"15":{"name":"(anonymous_15)","decl":{"start":{"line":106,"column":2},"end":{"line":106,"column":3}},"loc":{"start":{"line":106,"column":13},"end":{"line":108,"column":3}},"line":106}},"branchMap":{"0":{"loc":{"start":{"line":20,"column":14},"end":{"line":20,"column":84}},"type":"default-arg","locations":[{"start":{"line":20,"column":25},"end":{"line":20,"column":84}}],"line":20},"1":{"loc":{"start":{"line":20,"column":25},"end":{"line":20,"column":84}},"type":"cond-expr","locations":[{"start":{"line":20,"column":57},"end":{"line":20,"column":72}},{"start":{"line":20,"column":75},"end":{"line":20,"column":84}}],"line":20},"2":{"loc":{"start":{"line":22,"column":4},"end":{"line":24,"column":5}},"type":"if","locations":[{"start":{"line":22,"column":4},"end":{"line":24,"column":5}},{"start":{},"end":{}}],"line":22},"3":{"loc":{"start":{"line":28,"column":4},"end":{"line":31,"column":5}},"type":"if","locations":[{"start":{"line":28,"column":4},"end":{"line":31,"column":5}},{"start":{},"end":{}}],"line":28}},"s":{"0":18,"1":18,"2":18,"3":18,"4":18,"5":18,"6":18,"7":0,"8":18,"9":18,"10":2,"11":1,"12":1,"13":1,"14":1,"15":1,"16":1,"17":1,"18":1,"19":1,"20":1,"21":1,"22":1,"23":1,"24":1},"f":{"0":18,"1":2,"2":1,"3":1,"4":1,"5":1,"6":1,"7":1,"8":1,"9":1,"10":1,"11":1,"12":1,"13":1,"14":1,"15":1},"b":{"0":[0],"1":[0,0],"2":[18,0],"3":[0,18]},"_coverageSchema":"1a1c01bbd47fc00a2c39e90264f33305004495a9","hash":"bca352adf5ea9547d2c1745f04ee82538ea3b05e"}
,"C:\\Users\\Daniel\\Desktop\\Informatica\\TFG\\onirix-multiplayer-module\\src\\managers\\ConnectionManager.js": {"path":"C:\\Users\\Daniel\\Desktop\\Informatica\\TFG\\onirix-multiplayer-module\\src\\managers\\ConnectionManager.js","statementMap":{"0":{"start":{"line":10,"column":11},"end":{"line":10,"column":13}},"1":{"start":{"line":11,"column":9},"end":{"line":11,"column":11}},"2":{"start":{"line":13,"column":13},"end":{"line":13,"column":15}},"3":{"start":{"line":15,"column":13},"end":{"line":15,"column":15}},"4":{"start":{"line":17,"column":17},"end":{"line":17,"column":19}},"5":{"start":{"line":19,"column":17},"end":{"line":19,"column":19}},"6":{"start":{"line":21,"column":11},"end":{"line":21,"column":16}},"7":{"start":{"line":23,"column":19},"end":{"line":23,"column":21}},"8":{"start":{"line":25,"column":18},"end":{"line":25,"column":20}},"9":{"start":{"line":27,"column":17},"end":{"line":27,"column":19}},"10":{"start":{"line":29,"column":13},"end":{"line":29,"column":18}},"11":{"start":{"line":31,"column":11},"end":{"line":31,"column":13}},"12":{"start":{"line":34,"column":4},"end":{"line":34,"column":24}},"13":{"start":{"line":37,"column":4},"end":{"line":39,"column":5}},"14":{"start":{"line":38,"column":6},"end":{"line":38,"column":36}},"15":{"start":{"line":40,"column":4},"end":{"line":40,"column":26}},"16":{"start":{"line":41,"column":4},"end":{"line":41,"column":26}},"17":{"start":{"line":44,"column":4},"end":{"line":44,"column":46}},"18":{"start":{"line":46,"column":4},"end":{"line":51,"column":7}},"19":{"start":{"line":47,"column":6},"end":{"line":50,"column":14}},"20":{"start":{"line":48,"column":8},"end":{"line":48,"column":42}},"21":{"start":{"line":49,"column":8},"end":{"line":49,"column":39}},"22":{"start":{"line":57,"column":4},"end":{"line":64,"column":7}},"23":{"start":{"line":58,"column":6},"end":{"line":63,"column":7}},"24":{"start":{"line":59,"column":8},"end":{"line":59,"column":40}},"25":{"start":{"line":62,"column":8},"end":{"line":62,"column":39}},"26":{"start":{"line":67,"column":4},"end":{"line":72,"column":7}},"27":{"start":{"line":68,"column":6},"end":{"line":70,"column":7}},"28":{"start":{"line":69,"column":8},"end":{"line":69,"column":33}},"29":{"start":{"line":71,"column":6},"end":{"line":71,"column":60}},"30":{"start":{"line":74,"column":4},"end":{"line":80,"column":7}},"31":{"start":{"line":76,"column":6},"end":{"line":76,"column":27}},"32":{"start":{"line":77,"column":6},"end":{"line":77,"column":24}},"33":{"start":{"line":78,"column":6},"end":{"line":78,"column":41}},"34":{"start":{"line":82,"column":4},"end":{"line":92,"column":7}},"35":{"start":{"line":83,"column":6},"end":{"line":86,"column":7}},"36":{"start":{"line":84,"column":8},"end":{"line":84,"column":29}},"37":{"start":{"line":85,"column":8},"end":{"line":85,"column":28}},"38":{"start":{"line":87,"column":6},"end":{"line":90,"column":7}},"39":{"start":{"line":88,"column":8},"end":{"line":88,"column":29}},"40":{"start":{"line":89,"column":8},"end":{"line":89,"column":32}},"41":{"start":{"line":91,"column":6},"end":{"line":91,"column":53}},"42":{"start":{"line":93,"column":4},"end":{"line":99,"column":7}},"43":{"start":{"line":94,"column":6},"end":{"line":94,"column":25}},"44":{"start":{"line":95,"column":6},"end":{"line":98,"column":7}},"45":{"start":{"line":96,"column":8},"end":{"line":96,"column":38}},"46":{"start":{"line":97,"column":8},"end":{"line":97,"column":27}},"47":{"start":{"line":101,"column":4},"end":{"line":109,"column":7}},"48":{"start":{"line":102,"column":6},"end":{"line":106,"column":7}},"49":{"start":{"line":103,"column":8},"end":{"line":103,"column":29}},"50":{"start":{"line":105,"column":8},"end":{"line":105,"column":32}},"51":{"start":{"line":107,"column":6},"end":{"line":107,"column":54}},"52":{"start":{"line":108,"column":6},"end":{"line":108,"column":31}},"53":{"start":{"line":111,"column":4},"end":{"line":114,"column":7}},"54":{"start":{"line":113,"column":6},"end":{"line":113,"column":42}},"55":{"start":{"line":115,"column":4},"end":{"line":117,"column":7}},"56":{"start":{"line":116,"column":6},"end":{"line":116,"column":42}},"57":{"start":{"line":119,"column":4},"end":{"line":121,"column":7}},"58":{"start":{"line":120,"column":6},"end":{"line":120,"column":42}},"59":{"start":{"line":126,"column":4},"end":{"line":128,"column":5}},"60":{"start":{"line":126,"column":17},"end":{"line":126,"column":18}},"61":{"start":{"line":127,"column":6},"end":{"line":127,"column":35}},"62":{"start":{"line":133,"column":4},"end":{"line":133,"column":35}},"63":{"start":{"line":138,"column":4},"end":{"line":142,"column":5}},"64":{"start":{"line":138,"column":17},"end":{"line":138,"column":18}},"65":{"start":{"line":139,"column":6},"end":{"line":141,"column":7}},"66":{"start":{"line":140,"column":8},"end":{"line":140,"column":41}},"67":{"start":{"line":147,"column":4},"end":{"line":149,"column":5}},"68":{"start":{"line":147,"column":17},"end":{"line":147,"column":18}},"69":{"start":{"line":148,"column":6},"end":{"line":148,"column":34}},"70":{"start":{"line":154,"column":4},"end":{"line":154,"column":34}},"71":{"start":{"line":159,"column":4},"end":{"line":163,"column":5}},"72":{"start":{"line":159,"column":17},"end":{"line":159,"column":18}},"73":{"start":{"line":160,"column":6},"end":{"line":162,"column":7}},"74":{"start":{"line":161,"column":8},"end":{"line":161,"column":40}},"75":{"start":{"line":168,"column":4},"end":{"line":170,"column":5}},"76":{"start":{"line":168,"column":17},"end":{"line":168,"column":18}},"77":{"start":{"line":169,"column":6},"end":{"line":169,"column":33}},"78":{"start":{"line":175,"column":4},"end":{"line":175,"column":33}},"79":{"start":{"line":180,"column":4},"end":{"line":184,"column":5}},"80":{"start":{"line":180,"column":17},"end":{"line":180,"column":18}},"81":{"start":{"line":181,"column":6},"end":{"line":183,"column":7}},"82":{"start":{"line":182,"column":8},"end":{"line":182,"column":39}},"83":{"start":{"line":189,"column":4},"end":{"line":189,"column":39}},"84":{"start":{"line":197,"column":4},"end":{"line":197,"column":21}},"85":{"start":{"line":198,"column":4},"end":{"line":198,"column":47}},"86":{"start":{"line":199,"column":4},"end":{"line":199,"column":43}},"87":{"start":{"line":207,"column":4},"end":{"line":207,"column":23}},"88":{"start":{"line":208,"column":4},"end":{"line":208,"column":46}},"89":{"start":{"line":210,"column":4},"end":{"line":210,"column":19}},"90":{"start":{"line":211,"column":4},"end":{"line":211,"column":27}},"91":{"start":{"line":212,"column":4},"end":{"line":212,"column":41}},"92":{"start":{"line":221,"column":4},"end":{"line":221,"column":23}},"93":{"start":{"line":222,"column":4},"end":{"line":225,"column":5}},"94":{"start":{"line":223,"column":6},"end":{"line":223,"column":28}},"95":{"start":{"line":227,"column":4},"end":{"line":227,"column":21}},"96":{"start":{"line":229,"column":4},"end":{"line":229,"column":45}},"97":{"start":{"line":230,"column":4},"end":{"line":230,"column":40}},"98":{"start":{"line":238,"column":4},"end":{"line":238,"column":46}},"99":{"start":{"line":240,"column":4},"end":{"line":240,"column":19}},"100":{"start":{"line":249,"column":4},"end":{"line":249,"column":27}},"101":{"start":{"line":252,"column":4},"end":{"line":252,"column":36}},"102":{"start":{"line":254,"column":4},"end":{"line":254,"column":32}},"103":{"start":{"line":255,"column":4},"end":{"line":255,"column":29}},"104":{"start":{"line":256,"column":4},"end":{"line":256,"column":32}},"105":{"start":{"line":257,"column":4},"end":{"line":257,"column":39}},"106":{"start":{"line":261,"column":4},"end":{"line":261,"column":59}},"107":{"start":{"line":268,"column":4},"end":{"line":268,"column":45}},"108":{"start":{"line":272,"column":4},"end":{"line":272,"column":46}},"109":{"start":{"line":274,"column":4},"end":{"line":279,"column":7}},"110":{"start":{"line":275,"column":6},"end":{"line":278,"column":14}},"111":{"start":{"line":276,"column":8},"end":{"line":276,"column":31}},"112":{"start":{"line":277,"column":8},"end":{"line":277,"column":34}},"113":{"start":{"line":290,"column":4},"end":{"line":294,"column":5}},"114":{"start":{"line":293,"column":6},"end":{"line":293,"column":13}},"115":{"start":{"line":295,"column":4},"end":{"line":295,"column":40}},"116":{"start":{"line":297,"column":4},"end":{"line":299,"column":5}},"117":{"start":{"line":301,"column":4},"end":{"line":305,"column":7}},"118":{"start":{"line":302,"column":6},"end":{"line":304,"column":15}},"119":{"start":{"line":303,"column":8},"end":{"line":303,"column":39}},"120":{"start":{"line":310,"column":4},"end":{"line":310,"column":29}}},"fnMap":{"0":{"name":"(anonymous_0)","decl":{"start":{"line":33,"column":2},"end":{"line":33,"column":3}},"loc":{"start":{"line":33,"column":24},"end":{"line":122,"column":3}},"line":33},"1":{"name":"(anonymous_1)","decl":{"start":{"line":46,"column":16},"end":{"line":46,"column":17}},"loc":{"start":{"line":46,"column":27},"end":{"line":51,"column":5}},"line":46},"2":{"name":"(anonymous_2)","decl":{"start":{"line":47,"column":17},"end":{"line":47,"column":18}},"loc":{"start":{"line":47,"column":23},"end":{"line":50,"column":7}},"line":47},"3":{"name":"(anonymous_3)","decl":{"start":{"line":57,"column":32},"end":{"line":57,"column":33}},"loc":{"start":{"line":57,"column":42},"end":{"line":64,"column":5}},"line":57},"4":{"name":"(anonymous_4)","decl":{"start":{"line":67,"column":32},"end":{"line":67,"column":33}},"loc":{"start":{"line":67,"column":42},"end":{"line":72,"column":5}},"line":67},"5":{"name":"(anonymous_5)","decl":{"start":{"line":74,"column":28},"end":{"line":74,"column":29}},"loc":{"start":{"line":74,"column":34},"end":{"line":80,"column":5}},"line":74},"6":{"name":"(anonymous_6)","decl":{"start":{"line":82,"column":32},"end":{"line":82,"column":33}},"loc":{"start":{"line":82,"column":42},"end":{"line":92,"column":5}},"line":82},"7":{"name":"(anonymous_7)","decl":{"start":{"line":93,"column":29},"end":{"line":93,"column":30}},"loc":{"start":{"line":93,"column":39},"end":{"line":99,"column":5}},"line":93},"8":{"name":"(anonymous_8)","decl":{"start":{"line":101,"column":32},"end":{"line":101,"column":33}},"loc":{"start":{"line":101,"column":42},"end":{"line":109,"column":5}},"line":101},"9":{"name":"(anonymous_9)","decl":{"start":{"line":111,"column":30},"end":{"line":111,"column":31}},"loc":{"start":{"line":111,"column":36},"end":{"line":114,"column":5}},"line":111},"10":{"name":"(anonymous_10)","decl":{"start":{"line":115,"column":33},"end":{"line":115,"column":34}},"loc":{"start":{"line":115,"column":39},"end":{"line":117,"column":5}},"line":115},"11":{"name":"(anonymous_11)","decl":{"start":{"line":119,"column":32},"end":{"line":119,"column":33}},"loc":{"start":{"line":119,"column":38},"end":{"line":121,"column":5}},"line":119},"12":{"name":"(anonymous_12)","decl":{"start":{"line":125,"column":2},"end":{"line":125,"column":3}},"loc":{"start":{"line":125,"column":29},"end":{"line":129,"column":3}},"line":125},"13":{"name":"(anonymous_13)","decl":{"start":{"line":132,"column":2},"end":{"line":132,"column":3}},"loc":{"start":{"line":132,"column":32},"end":{"line":134,"column":3}},"line":132},"14":{"name":"(anonymous_14)","decl":{"start":{"line":137,"column":2},"end":{"line":137,"column":3}},"loc":{"start":{"line":137,"column":34},"end":{"line":143,"column":3}},"line":137},"15":{"name":"(anonymous_15)","decl":{"start":{"line":146,"column":2},"end":{"line":146,"column":3}},"loc":{"start":{"line":146,"column":28},"end":{"line":150,"column":3}},"line":146},"16":{"name":"(anonymous_16)","decl":{"start":{"line":153,"column":2},"end":{"line":153,"column":3}},"loc":{"start":{"line":153,"column":31},"end":{"line":155,"column":3}},"line":153},"17":{"name":"(anonymous_17)","decl":{"start":{"line":158,"column":2},"end":{"line":158,"column":3}},"loc":{"start":{"line":158,"column":33},"end":{"line":164,"column":3}},"line":158},"18":{"name":"(anonymous_18)","decl":{"start":{"line":167,"column":2},"end":{"line":167,"column":3}},"loc":{"start":{"line":167,"column":27},"end":{"line":171,"column":3}},"line":167},"19":{"name":"(anonymous_19)","decl":{"start":{"line":174,"column":2},"end":{"line":174,"column":3}},"loc":{"start":{"line":174,"column":30},"end":{"line":176,"column":3}},"line":174},"20":{"name":"(anonymous_20)","decl":{"start":{"line":179,"column":2},"end":{"line":179,"column":3}},"loc":{"start":{"line":179,"column":32},"end":{"line":185,"column":3}},"line":179},"21":{"name":"(anonymous_21)","decl":{"start":{"line":188,"column":2},"end":{"line":188,"column":3}},"loc":{"start":{"line":188,"column":8},"end":{"line":190,"column":3}},"line":188},"22":{"name":"(anonymous_22)","decl":{"start":{"line":196,"column":2},"end":{"line":196,"column":3}},"loc":{"start":{"line":196,"column":19},"end":{"line":200,"column":3}},"line":196},"23":{"name":"(anonymous_23)","decl":{"start":{"line":206,"column":2},"end":{"line":206,"column":3}},"loc":{"start":{"line":206,"column":19},"end":{"line":213,"column":3}},"line":206},"24":{"name":"(anonymous_24)","decl":{"start":{"line":220,"column":2},"end":{"line":220,"column":3}},"loc":{"start":{"line":220,"column":17},"end":{"line":231,"column":3}},"line":220},"25":{"name":"(anonymous_25)","decl":{"start":{"line":236,"column":2},"end":{"line":236,"column":3}},"loc":{"start":{"line":236,"column":14},"end":{"line":241,"column":3}},"line":236},"26":{"name":"(anonymous_26)","decl":{"start":{"line":248,"column":2},"end":{"line":248,"column":3}},"loc":{"start":{"line":248,"column":16},"end":{"line":262,"column":3}},"line":248},"27":{"name":"(anonymous_27)","decl":{"start":{"line":267,"column":2},"end":{"line":267,"column":3}},"loc":{"start":{"line":267,"column":13},"end":{"line":269,"column":3}},"line":267},"28":{"name":"(anonymous_28)","decl":{"start":{"line":271,"column":2},"end":{"line":271,"column":3}},"loc":{"start":{"line":271,"column":20},"end":{"line":282,"column":3}},"line":271},"29":{"name":"(anonymous_29)","decl":{"start":{"line":274,"column":23},"end":{"line":274,"column":24}},"loc":{"start":{"line":274,"column":34},"end":{"line":279,"column":5}},"line":274},"30":{"name":"(anonymous_30)","decl":{"start":{"line":275,"column":17},"end":{"line":275,"column":18}},"loc":{"start":{"line":275,"column":23},"end":{"line":278,"column":7}},"line":275},"31":{"name":"(anonymous_31)","decl":{"start":{"line":289,"column":2},"end":{"line":289,"column":3}},"loc":{"start":{"line":289,"column":26},"end":{"line":306,"column":3}},"line":289},"32":{"name":"(anonymous_32)","decl":{"start":{"line":301,"column":23},"end":{"line":301,"column":24}},"loc":{"start":{"line":301,"column":34},"end":{"line":305,"column":5}},"line":301},"33":{"name":"(anonymous_33)","decl":{"start":{"line":302,"column":17},"end":{"line":302,"column":18}},"loc":{"start":{"line":302,"column":23},"end":{"line":304,"column":7}},"line":302},"34":{"name":"(anonymous_34)","decl":{"start":{"line":309,"column":2},"end":{"line":309,"column":3}},"loc":{"start":{"line":309,"column":20},"end":{"line":311,"column":3}},"line":309}},"branchMap":{"0":{"loc":{"start":{"line":37,"column":4},"end":{"line":39,"column":5}},"type":"if","locations":[{"start":{"line":37,"column":4},"end":{"line":39,"column":5}},{"start":{},"end":{}}],"line":37},"1":{"loc":{"start":{"line":58,"column":6},"end":{"line":63,"column":7}},"type":"if","locations":[{"start":{"line":58,"column":6},"end":{"line":63,"column":7}},{"start":{"line":61,"column":11},"end":{"line":63,"column":7}}],"line":58},"2":{"loc":{"start":{"line":68,"column":6},"end":{"line":70,"column":7}},"type":"if","locations":[{"start":{"line":68,"column":6},"end":{"line":70,"column":7}},{"start":{},"end":{}}],"line":68},"3":{"loc":{"start":{"line":83,"column":6},"end":{"line":86,"column":7}},"type":"if","locations":[{"start":{"line":83,"column":6},"end":{"line":86,"column":7}},{"start":{},"end":{}}],"line":83},"4":{"loc":{"start":{"line":87,"column":6},"end":{"line":90,"column":7}},"type":"if","locations":[{"start":{"line":87,"column":6},"end":{"line":90,"column":7}},{"start":{},"end":{}}],"line":87},"5":{"loc":{"start":{"line":95,"column":6},"end":{"line":98,"column":7}},"type":"if","locations":[{"start":{"line":95,"column":6},"end":{"line":98,"column":7}},{"start":{},"end":{}}],"line":95},"6":{"loc":{"start":{"line":102,"column":6},"end":{"line":106,"column":7}},"type":"if","locations":[{"start":{"line":102,"column":6},"end":{"line":106,"column":7}},{"start":{},"end":{}}],"line":102},"7":{"loc":{"start":{"line":139,"column":6},"end":{"line":141,"column":7}},"type":"if","locations":[{"start":{"line":139,"column":6},"end":{"line":141,"column":7}},{"start":{},"end":{}}],"line":139},"8":{"loc":{"start":{"line":160,"column":6},"end":{"line":162,"column":7}},"type":"if","locations":[{"start":{"line":160,"column":6},"end":{"line":162,"column":7}},{"start":{},"end":{}}],"line":160},"9":{"loc":{"start":{"line":181,"column":6},"end":{"line":183,"column":7}},"type":"if","locations":[{"start":{"line":181,"column":6},"end":{"line":183,"column":7}},{"start":{},"end":{}}],"line":181},"10":{"loc":{"start":{"line":222,"column":4},"end":{"line":225,"column":5}},"type":"if","locations":[{"start":{"line":222,"column":4},"end":{"line":225,"column":5}},{"start":{},"end":{}}],"line":222},"11":{"loc":{"start":{"line":290,"column":4},"end":{"line":294,"column":5}},"type":"if","locations":[{"start":{"line":290,"column":4},"end":{"line":294,"column":5}},{"start":{},"end":{}}],"line":290},"12":{"loc":{"start":{"line":297,"column":4},"end":{"line":299,"column":5}},"type":"if","locations":[{"start":{"line":297,"column":4},"end":{"line":299,"column":5}},{"start":{},"end":{}}],"line":297}},"s":{"0":6,"1":6,"2":6,"3":6,"4":6,"5":6,"6":6,"7":6,"8":6,"9":6,"10":6,"11":6,"12":6,"13":6,"14":0,"15":6,"16":6,"17":6,"18":6,"19":6,"20":0,"21":0,"22":6,"23":0,"24":0,"25":0,"26":6,"27":0,"28":0,"29":0,"30":6,"31":0,"32":0,"33":0,"34":6,"35":0,"36":0,"37":0,"38":0,"39":0,"40":0,"41":0,"42":6,"43":0,"44":0,"45":0,"46":0,"47":6,"48":0,"49":0,"50":0,"51":0,"52":0,"53":6,"54":0,"55":6,"56":0,"57":6,"58":0,"59":0,"60":0,"61":0,"62":0,"63":0,"64":0,"65":0,"66":0,"67":0,"68":0,"69":0,"70":0,"71":0,"72":0,"73":0,"74":0,"75":0,"76":0,"77":0,"78":0,"79":0,"80":0,"81":0,"82":0,"83":1,"84":1,"85":1,"86":1,"87":1,"88":1,"89":1,"90":1,"91":1,"92":1,"93":1,"94":0,"95":1,"96":1,"97":1,"98":1,"99":1,"100":0,"101":0,"102":0,"103":0,"104":0,"105":0,"106":0,"107":0,"108":0,"109":0,"110":0,"111":0,"112":0,"113":0,"114":0,"115":0,"116":0,"117":0,"118":0,"119":0,"120":0},"f":{"0":6,"1":6,"2":0,"3":0,"4":0,"5":0,"6":0,"7":0,"8":0,"9":0,"10":0,"11":0,"12":0,"13":0,"14":0,"15":0,"16":0,"17":0,"18":0,"19":0,"20":0,"21":1,"22":1,"23":1,"24":1,"25":1,"26":0,"27":0,"28":0,"29":0,"30":0,"31":0,"32":0,"33":0,"34":0},"b":{"0":[0,6],"1":[0,0],"2":[0,0],"3":[0,0],"4":[0,0],"5":[0,0],"6":[0,0],"7":[0,0],"8":[0,0],"9":[0,0],"10":[0,1],"11":[0,0],"12":[0,0]},"_coverageSchema":"1a1c01bbd47fc00a2c39e90264f33305004495a9","hash":"6a669edb23e55da825514fe3d3684f5ea77b8ebe"}
,"C:\\Users\\Daniel\\Desktop\\Informatica\\TFG\\onirix-multiplayer-module\\src\\managers\\EventManager.js": {"path":"C:\\Users\\Daniel\\Desktop\\Informatica\\TFG\\onirix-multiplayer-module\\src\\managers\\EventManager.js","statementMap":{"0":{"start":{"line":7,"column":13},"end":{"line":7,"column":15}},"1":{"start":{"line":12,"column":11},"end":{"line":31,"column":3}},"2":{"start":{"line":34,"column":4},"end":{"line":34,"column":24}},"3":{"start":{"line":39,"column":4},"end":{"line":179,"column":5}},"4":{"start":{"line":41,"column":8},"end":{"line":45,"column":10}},"5":{"start":{"line":46,"column":8},"end":{"line":46,"column":37}},"6":{"start":{"line":47,"column":8},"end":{"line":47,"column":14}},"7":{"start":{"line":49,"column":8},"end":{"line":53,"column":10}},"8":{"start":{"line":54,"column":8},"end":{"line":54,"column":38}},"9":{"start":{"line":55,"column":8},"end":{"line":55,"column":14}},"10":{"start":{"line":57,"column":8},"end":{"line":57,"column":34}},"11":{"start":{"line":58,"column":8},"end":{"line":58,"column":41}},"12":{"start":{"line":59,"column":8},"end":{"line":59,"column":14}},"13":{"start":{"line":61,"column":8},"end":{"line":61,"column":35}},"14":{"start":{"line":62,"column":8},"end":{"line":62,"column":42}},"15":{"start":{"line":63,"column":8},"end":{"line":63,"column":14}},"16":{"start":{"line":65,"column":8},"end":{"line":72,"column":10}},"17":{"start":{"line":73,"column":8},"end":{"line":73,"column":37}},"18":{"start":{"line":74,"column":8},"end":{"line":74,"column":14}},"19":{"start":{"line":76,"column":8},"end":{"line":80,"column":10}},"20":{"start":{"line":81,"column":8},"end":{"line":81,"column":37}},"21":{"start":{"line":82,"column":8},"end":{"line":82,"column":14}},"22":{"start":{"line":84,"column":8},"end":{"line":84,"column":60}},"23":{"start":{"line":85,"column":8},"end":{"line":85,"column":45}},"24":{"start":{"line":86,"column":8},"end":{"line":86,"column":14}},"25":{"start":{"line":88,"column":8},"end":{"line":88,"column":41}},"26":{"start":{"line":89,"column":8},"end":{"line":89,"column":35}},"27":{"start":{"line":90,"column":8},"end":{"line":90,"column":14}},"28":{"start":{"line":92,"column":8},"end":{"line":92,"column":42}},"29":{"start":{"line":93,"column":8},"end":{"line":93,"column":36}},"30":{"start":{"line":94,"column":8},"end":{"line":94,"column":14}},"31":{"start":{"line":96,"column":8},"end":{"line":103,"column":10}},"32":{"start":{"line":104,"column":8},"end":{"line":104,"column":40}},"33":{"start":{"line":105,"column":8},"end":{"line":105,"column":14}},"34":{"start":{"line":107,"column":8},"end":{"line":114,"column":10}},"35":{"start":{"line":115,"column":8},"end":{"line":115,"column":40}},"36":{"start":{"line":116,"column":8},"end":{"line":116,"column":14}},"37":{"start":{"line":118,"column":8},"end":{"line":126,"column":10}},"38":{"start":{"line":127,"column":8},"end":{"line":127,"column":51}},"39":{"start":{"line":128,"column":8},"end":{"line":128,"column":14}},"40":{"start":{"line":130,"column":8},"end":{"line":137,"column":10}},"41":{"start":{"line":138,"column":8},"end":{"line":138,"column":36}},"42":{"start":{"line":139,"column":8},"end":{"line":139,"column":14}},"43":{"start":{"line":141,"column":8},"end":{"line":147,"column":10}},"44":{"start":{"line":148,"column":8},"end":{"line":148,"column":45}},"45":{"start":{"line":149,"column":8},"end":{"line":149,"column":14}},"46":{"start":{"line":151,"column":8},"end":{"line":151,"column":50}},"47":{"start":{"line":152,"column":8},"end":{"line":152,"column":14}},"48":{"start":{"line":154,"column":8},"end":{"line":161,"column":10}},"49":{"start":{"line":162,"column":8},"end":{"line":162,"column":52}},"50":{"start":{"line":163,"column":8},"end":{"line":163,"column":14}},"51":{"start":{"line":165,"column":8},"end":{"line":170,"column":10}},"52":{"start":{"line":171,"column":8},"end":{"line":171,"column":51}},"53":{"start":{"line":172,"column":8},"end":{"line":172,"column":14}},"54":{"start":{"line":174,"column":8},"end":{"line":174,"column":36}},"55":{"start":{"line":175,"column":8},"end":{"line":175,"column":43}},"56":{"start":{"line":176,"column":8},"end":{"line":176,"column":14}},"57":{"start":{"line":178,"column":8},"end":{"line":178,"column":40}}},"fnMap":{"0":{"name":"(anonymous_0)","decl":{"start":{"line":33,"column":2},"end":{"line":33,"column":3}},"loc":{"start":{"line":33,"column":19},"end":{"line":36,"column":3}},"line":33},"1":{"name":"(anonymous_1)","decl":{"start":{"line":38,"column":2},"end":{"line":38,"column":3}},"loc":{"start":{"line":38,"column":17},"end":{"line":180,"column":3}},"line":38}},"branchMap":{"0":{"loc":{"start":{"line":39,"column":4},"end":{"line":179,"column":5}},"type":"switch","locations":[{"start":{"line":40,"column":6},"end":{"line":47,"column":14}},{"start":{"line":48,"column":6},"end":{"line":55,"column":14}},{"start":{"line":56,"column":6},"end":{"line":59,"column":14}},{"start":{"line":60,"column":6},"end":{"line":63,"column":14}},{"start":{"line":64,"column":6},"end":{"line":74,"column":14}},{"start":{"line":75,"column":6},"end":{"line":82,"column":14}},{"start":{"line":83,"column":6},"end":{"line":86,"column":14}},{"start":{"line":87,"column":6},"end":{"line":90,"column":14}},{"start":{"line":91,"column":6},"end":{"line":94,"column":14}},{"start":{"line":95,"column":6},"end":{"line":105,"column":14}},{"start":{"line":106,"column":6},"end":{"line":116,"column":14}},{"start":{"line":117,"column":6},"end":{"line":128,"column":14}},{"start":{"line":129,"column":6},"end":{"line":139,"column":14}},{"start":{"line":140,"column":6},"end":{"line":149,"column":14}},{"start":{"line":150,"column":6},"end":{"line":152,"column":14}},{"start":{"line":153,"column":6},"end":{"line":163,"column":14}},{"start":{"line":164,"column":6},"end":{"line":172,"column":14}},{"start":{"line":173,"column":6},"end":{"line":176,"column":14}},{"start":{"line":177,"column":6},"end":{"line":178,"column":40}}],"line":39},"1":{"loc":{"start":{"line":43,"column":10},"end":{"line":43,"column":55}},"type":"cond-expr","locations":[{"start":{"line":43,"column":36},"end":{"line":43,"column":51}},{"start":{"line":43,"column":54},"end":{"line":43,"column":55}}],"line":43},"2":{"loc":{"start":{"line":44,"column":10},"end":{"line":44,"column":43}},"type":"cond-expr","locations":[{"start":{"line":44,"column":30},"end":{"line":44,"column":39}},{"start":{"line":44,"column":42},"end":{"line":44,"column":43}}],"line":44},"3":{"loc":{"start":{"line":51,"column":10},"end":{"line":51,"column":55}},"type":"cond-expr","locations":[{"start":{"line":51,"column":36},"end":{"line":51,"column":51}},{"start":{"line":51,"column":54},"end":{"line":51,"column":55}}],"line":51},"4":{"loc":{"start":{"line":52,"column":10},"end":{"line":52,"column":43}},"type":"cond-expr","locations":[{"start":{"line":52,"column":30},"end":{"line":52,"column":39}},{"start":{"line":52,"column":42},"end":{"line":52,"column":43}}],"line":52},"5":{"loc":{"start":{"line":78,"column":10},"end":{"line":78,"column":55}},"type":"cond-expr","locations":[{"start":{"line":78,"column":36},"end":{"line":78,"column":51}},{"start":{"line":78,"column":54},"end":{"line":78,"column":55}}],"line":78},"6":{"loc":{"start":{"line":79,"column":10},"end":{"line":79,"column":43}},"type":"cond-expr","locations":[{"start":{"line":79,"column":30},"end":{"line":79,"column":39}},{"start":{"line":79,"column":42},"end":{"line":79,"column":43}}],"line":79},"7":{"loc":{"start":{"line":145,"column":10},"end":{"line":145,"column":55}},"type":"cond-expr","locations":[{"start":{"line":145,"column":34},"end":{"line":145,"column":47}},{"start":{"line":145,"column":50},"end":{"line":145,"column":55}}],"line":145}},"s":{"0":29,"1":29,"2":29,"3":27,"4":4,"5":4,"6":4,"7":4,"8":4,"9":4,"10":1,"11":1,"12":1,"13":1,"14":1,"15":1,"16":1,"17":1,"18":1,"19":1,"20":1,"21":1,"22":1,"23":1,"24":1,"25":1,"26":1,"27":1,"28":2,"29":2,"30":2,"31":1,"32":1,"33":1,"34":1,"35":1,"36":1,"37":1,"38":1,"39":1,"40":1,"41":1,"42":1,"43":1,"44":1,"45":1,"46":1,"47":1,"48":1,"49":1,"50":1,"51":1,"52":1,"53":1,"54":2,"55":2,"56":2,"57":1},"f":{"0":29,"1":27},"b":{"0":[4,4,1,1,1,1,1,1,2,1,1,1,1,1,1,1,1,2,1],"1":[0,4],"2":[0,4],"3":[0,4],"4":[0,4],"5":[1,0],"6":[1,0],"7":[0,1]},"_coverageSchema":"1a1c01bbd47fc00a2c39e90264f33305004495a9","hash":"3c64117bea8f9f66d4e1845182e99a41cd94dbc7"}
,"C:\\Users\\Daniel\\Desktop\\Informatica\\TFG\\onirix-multiplayer-module\\src\\managers\\index.js": {"path":"C:\\Users\\Daniel\\Desktop\\Informatica\\TFG\\onirix-multiplayer-module\\src\\managers\\index.js","statementMap":{},"fnMap":{},"branchMap":{},"s":{},"f":{},"b":{},"_coverageSchema":"1a1c01bbd47fc00a2c39e90264f33305004495a9","hash":"ab7a10e593e6ae46653a65cc5fa12330d80b0b60"}
}
