TN:
SF:src\OnirixMultiplayerModule.js
FN:20,(anonymous_0)
FN:41,(anonymous_1)
FN:44,(anonymous_2)
FN:48,(anonymous_3)
FN:51,(anonymous_4)
FN:57,(anonymous_5)
FN:68,(anonymous_6)
FN:74,(anonymous_7)
FN:79,(anonymous_8)
FN:84,(anonymous_9)
FN:88,(anonymous_10)
FN:92,(anonymous_11)
FN:95,(anonymous_12)
FN:99,(anonymous_13)
FN:102,(anonymous_14)
FN:106,(anonymous_15)
FNF:16
FNH:16
FNDA:18,(anonymous_0)
FNDA:2,(anonymous_1)
FNDA:1,(anonymous_2)
FNDA:1,(anonymous_3)
FNDA:1,(anonymous_4)
FNDA:1,(anonymous_5)
FNDA:1,(anonymous_6)
FNDA:1,(anonymous_7)
FNDA:1,(anonymous_8)
FNDA:1,(anonymous_9)
FNDA:1,(anonymous_10)
FNDA:1,(anonymous_11)
FNDA:1,(anonymous_12)
FNDA:1,(anonymous_13)
FNDA:1,(anonymous_14)
FNDA:1,(anonymous_15)
DA:9,18
DA:12,18
DA:14,18
DA:22,18
DA:23,18
DA:26,18
DA:28,18
DA:30,0
DA:33,18
DA:36,18
DA:42,2
DA:45,1
DA:49,1
DA:52,1
DA:58,1
DA:69,1
DA:75,1
DA:80,1
DA:85,1
DA:89,1
DA:93,1
DA:96,1
DA:100,1
DA:103,1
DA:107,1
LF:25
LH:24
BRDA:20,0,0,0
BRDA:20,1,0,0
BRDA:20,1,1,0
BRDA:22,2,0,18
BRDA:22,2,1,0
BRDA:28,3,0,0
BRDA:28,3,1,18
BRF:7
BRH:2
end_of_record
TN:
SF:src\managers\ConnectionManager.js
FN:33,(anonymous_0)
FN:46,(anonymous_1)
FN:47,(anonymous_2)
FN:57,(anonymous_3)
FN:67,(anonymous_4)
FN:74,(anonymous_5)
FN:82,(anonymous_6)
FN:93,(anonymous_7)
FN:101,(anonymous_8)
FN:111,(anonymous_9)
FN:115,(anonymous_10)
FN:119,(anonymous_11)
FN:125,(anonymous_12)
FN:132,(anonymous_13)
FN:137,(anonymous_14)
FN:146,(anonymous_15)
FN:153,(anonymous_16)
FN:158,(anonymous_17)
FN:167,(anonymous_18)
FN:174,(anonymous_19)
FN:179,(anonymous_20)
FN:188,(anonymous_21)
FN:196,(anonymous_22)
FN:206,(anonymous_23)
FN:220,(anonymous_24)
FN:236,(anonymous_25)
FN:248,(anonymous_26)
FN:262,(anonymous_27)
FN:266,(anonymous_28)
FN:269,(anonymous_29)
FN:270,(anonymous_30)
FN:284,(anonymous_31)
FN:292,(anonymous_32)
FN:293,(anonymous_33)
FN:300,(anonymous_34)
FNF:35
FNH:26
FNDA:19,(anonymous_0)
FNDA:19,(anonymous_1)
FNDA:11,(anonymous_2)
FNDA:0,(anonymous_3)
FNDA:0,(anonymous_4)
FNDA:0,(anonymous_5)
FNDA:0,(anonymous_6)
FNDA:0,(anonymous_7)
FNDA:0,(anonymous_8)
FNDA:0,(anonymous_9)
FNDA:0,(anonymous_10)
FNDA:0,(anonymous_11)
FNDA:2,(anonymous_12)
FNDA:2,(anonymous_13)
FNDA:1,(anonymous_14)
FNDA:2,(anonymous_15)
FNDA:2,(anonymous_16)
FNDA:1,(anonymous_17)
FNDA:2,(anonymous_18)
FNDA:2,(anonymous_19)
FNDA:1,(anonymous_20)
FNDA:1,(anonymous_21)
FNDA:1,(anonymous_22)
FNDA:2,(anonymous_23)
FNDA:3,(anonymous_24)
FNDA:1,(anonymous_25)
FNDA:1,(anonymous_26)
FNDA:1,(anonymous_27)
FNDA:1,(anonymous_28)
FNDA:1,(anonymous_29)
FNDA:1,(anonymous_30)
FNDA:3,(anonymous_31)
FNDA:3,(anonymous_32)
FNDA:3,(anonymous_33)
FNDA:1,(anonymous_34)
DA:10,19
DA:11,19
DA:13,19
DA:15,19
DA:17,19
DA:19,19
DA:21,19
DA:23,19
DA:25,19
DA:27,19
DA:29,19
DA:31,19
DA:34,19
DA:37,19
DA:38,0
DA:40,19
DA:41,19
DA:44,19
DA:46,19
DA:47,19
DA:48,11
DA:49,11
DA:57,19
DA:58,0
DA:59,0
DA:62,0
DA:67,19
DA:68,0
DA:69,0
DA:71,0
DA:74,19
DA:76,0
DA:77,0
DA:78,0
DA:82,19
DA:83,0
DA:84,0
DA:85,0
DA:87,0
DA:88,0
DA:89,0
DA:91,0
DA:93,19
DA:94,0
DA:95,0
DA:96,0
DA:97,0
DA:101,19
DA:102,0
DA:103,0
DA:105,0
DA:107,0
DA:108,0
DA:111,19
DA:113,0
DA:115,19
DA:116,0
DA:119,19
DA:120,0
DA:126,2
DA:127,1
DA:133,2
DA:138,1
DA:139,1
DA:140,1
DA:147,2
DA:148,1
DA:154,2
DA:159,1
DA:160,1
DA:161,1
DA:168,2
DA:169,1
DA:175,2
DA:180,1
DA:181,1
DA:182,1
DA:189,1
DA:197,1
DA:198,1
DA:199,1
DA:207,2
DA:208,2
DA:210,2
DA:211,2
DA:212,2
DA:221,3
DA:222,3
DA:223,1
DA:227,3
DA:229,3
DA:230,3
DA:238,1
DA:240,1
DA:249,1
DA:251,1
DA:252,1
DA:253,1
DA:254,1
DA:255,1
DA:256,1
DA:263,1
DA:267,1
DA:269,1
DA:270,1
DA:271,1
DA:272,1
DA:286,3
DA:288,3
DA:289,1
DA:292,3
DA:293,3
DA:294,3
DA:301,1
LF:114
LH:85
BRDA:37,0,0,0
BRDA:37,0,1,19
BRDA:58,1,0,0
BRDA:58,1,1,0
BRDA:68,2,0,0
BRDA:68,2,1,0
BRDA:83,3,0,0
BRDA:83,3,1,0
BRDA:87,4,0,0
BRDA:87,4,1,0
BRDA:95,5,0,0
BRDA:95,5,1,0
BRDA:102,6,0,0
BRDA:102,6,1,0
BRDA:139,7,0,1
BRDA:139,7,1,0
BRDA:160,8,0,1
BRDA:160,8,1,0
BRDA:181,9,0,1
BRDA:181,9,1,0
BRDA:222,10,0,1
BRDA:222,10,1,2
BRDA:288,11,0,1
BRDA:288,11,1,2
BRF:24
BRH:8
end_of_record
TN:
SF:src\managers\EventManager.js
FN:33,(anonymous_0)
FN:38,(anonymous_1)
FNF:2
FNH:2
FNDA:42,(anonymous_0)
FNDA:27,(anonymous_1)
DA:7,42
DA:12,42
DA:34,42
DA:39,27
DA:41,4
DA:46,4
DA:47,4
DA:49,4
DA:54,4
DA:55,4
DA:57,1
DA:58,1
DA:59,1
DA:61,1
DA:62,1
DA:63,1
DA:65,1
DA:73,1
DA:74,1
DA:76,1
DA:81,1
DA:82,1
DA:84,1
DA:85,1
DA:86,1
DA:88,1
DA:89,1
DA:90,1
DA:92,2
DA:93,2
DA:94,2
DA:96,1
DA:104,1
DA:105,1
DA:107,1
DA:115,1
DA:116,1
DA:118,1
DA:127,1
DA:128,1
DA:130,1
DA:138,1
DA:139,1
DA:141,1
DA:148,1
DA:149,1
DA:151,1
DA:152,1
DA:154,1
DA:162,1
DA:163,1
DA:165,1
DA:171,1
DA:172,1
DA:174,2
DA:175,2
DA:176,2
DA:178,1
LF:58
LH:58
BRDA:39,0,0,4
BRDA:39,0,1,4
BRDA:39,0,2,1
BRDA:39,0,3,1
BRDA:39,0,4,1
BRDA:39,0,5,1
BRDA:39,0,6,1
BRDA:39,0,7,1
BRDA:39,0,8,2
BRDA:39,0,9,1
BRDA:39,0,10,1
BRDA:39,0,11,1
BRDA:39,0,12,1
BRDA:39,0,13,1
BRDA:39,0,14,1
BRDA:39,0,15,1
BRDA:39,0,16,1
BRDA:39,0,17,2
BRDA:39,0,18,1
BRDA:43,1,0,0
BRDA:43,1,1,4
BRDA:44,2,0,0
BRDA:44,2,1,4
BRDA:51,3,0,0
BRDA:51,3,1,4
BRDA:52,4,0,0
BRDA:52,4,1,4
BRDA:78,5,0,1
BRDA:78,5,1,0
BRDA:79,6,0,1
BRDA:79,6,1,0
BRDA:145,7,0,0
BRDA:145,7,1,1
BRF:33
BRH:26
end_of_record
TN:
SF:src\managers\index.js
FNF:0
FNH:0
LF:0
LH:0
BRF:0
BRH:0
end_of_record
