TN:
SF:src\OnirixMultiplayerModule.js
FN:20,(anonymous_0)
FN:41,(anonymous_1)
FN:44,(anonymous_2)
FN:47,(anonymous_3)
FN:50,(anonymous_4)
FN:53,(anonymous_5)
FN:59,(anonymous_6)
FN:70,(anonymous_7)
FN:76,(anonymous_8)
FN:81,(anonymous_9)
FN:86,(anonymous_10)
FN:90,(anonymous_11)
FN:94,(anonymous_12)
FN:97,(anonymous_13)
FN:101,(anonymous_14)
FN:104,(anonymous_15)
FN:108,(anonymous_16)
FNF:17
FNH:16
FNDA:23,(anonymous_0)
FNDA:2,(anonymous_1)
FNDA:3,(anonymous_2)
FNDA:0,(anonymous_3)
FNDA:2,(anonymous_4)
FNDA:2,(anonymous_5)
FNDA:2,(anonymous_6)
FNDA:1,(anonymous_7)
FNDA:1,(anonymous_8)
FNDA:1,(anonymous_9)
FNDA:1,(anonymous_10)
FNDA:1,(anonymous_11)
FNDA:1,(anonymous_12)
FNDA:1,(anonymous_13)
FNDA:1,(anonymous_14)
FNDA:1,(anonymous_15)
FNDA:1,(anonymous_16)
DA:9,23
DA:12,23
DA:14,23
DA:22,23
DA:23,23
DA:26,23
DA:28,23
DA:30,0
DA:33,23
DA:36,23
DA:42,2
DA:45,3
DA:48,0
DA:51,2
DA:54,2
DA:60,2
DA:71,1
DA:77,1
DA:82,1
DA:87,1
DA:91,1
DA:95,1
DA:98,1
DA:102,1
DA:105,1
DA:109,1
LF:26
LH:24
BRDA:20,0,0,0
BRDA:20,1,0,0
BRDA:20,1,1,0
BRDA:22,2,0,23
BRDA:22,2,1,0
BRDA:28,3,0,0
BRDA:28,3,1,23
BRF:7
BRH:2
end_of_record
TN:
SF:src\managers\ConnectionManager.js
FN:33,(anonymous_0)
FN:47,(anonymous_1)
FN:48,(anonymous_2)
FN:59,(anonymous_3)
FN:69,(anonymous_4)
FN:76,(anonymous_5)
FN:84,(anonymous_6)
FN:97,(anonymous_7)
FN:106,(anonymous_8)
FN:118,(anonymous_9)
FN:125,(anonymous_10)
FN:130,(anonymous_11)
FN:139,(anonymous_12)
FN:146,(anonymous_13)
FN:151,(anonymous_14)
FN:160,(anonymous_15)
FN:167,(anonymous_16)
FN:172,(anonymous_17)
FN:181,(anonymous_18)
FN:189,(anonymous_19)
FN:192,(anonymous_20)
FN:205,(anonymous_21)
FN:210,(anonymous_22)
FN:226,(anonymous_23)
FN:236,(anonymous_24)
FN:244,(anonymous_25)
FN:260,(anonymous_26)
FN:272,(anonymous_27)
FN:286,(anonymous_28)
FN:290,(anonymous_29)
FN:293,(anonymous_30)
FN:294,(anonymous_31)
FN:308,(anonymous_32)
FN:316,(anonymous_33)
FN:317,(anonymous_34)
FN:324,(anonymous_35)
FNF:36
FNH:29
FNDA:26,(anonymous_0)
FNDA:26,(anonymous_1)
FNDA:14,(anonymous_2)
FNDA:0,(anonymous_3)
FNDA:0,(anonymous_4)
FNDA:0,(anonymous_5)
FNDA:0,(anonymous_6)
FNDA:0,(anonymous_7)
FNDA:0,(anonymous_8)
FNDA:2,(anonymous_9)
FNDA:2,(anonymous_10)
FNDA:1,(anonymous_11)
FNDA:2,(anonymous_12)
FNDA:2,(anonymous_13)
FNDA:1,(anonymous_14)
FNDA:2,(anonymous_15)
FNDA:2,(anonymous_16)
FNDA:1,(anonymous_17)
FNDA:1,(anonymous_18)
FNDA:3,(anonymous_19)
FNDA:1,(anonymous_20)
FNDA:2,(anonymous_21)
FNDA:0,(anonymous_22)
FNDA:2,(anonymous_23)
FNDA:1,(anonymous_24)
FNDA:4,(anonymous_25)
FNDA:2,(anonymous_26)
FNDA:2,(anonymous_27)
FNDA:1,(anonymous_28)
FNDA:1,(anonymous_29)
FNDA:1,(anonymous_30)
FNDA:1,(anonymous_31)
FNDA:4,(anonymous_32)
FNDA:4,(anonymous_33)
FNDA:3,(anonymous_34)
FNDA:1,(anonymous_35)
DA:10,26
DA:11,26
DA:13,26
DA:15,26
DA:17,26
DA:19,26
DA:21,26
DA:23,26
DA:25,26
DA:27,26
DA:29,26
DA:31,26
DA:34,26
DA:37,26
DA:38,0
DA:40,26
DA:42,26
DA:45,26
DA:47,26
DA:48,26
DA:49,14
DA:51,14
DA:59,26
DA:60,0
DA:61,0
DA:64,0
DA:69,26
DA:70,0
DA:71,0
DA:73,0
DA:76,26
DA:78,0
DA:79,0
DA:80,0
DA:84,26
DA:85,0
DA:86,0
DA:87,0
DA:89,0
DA:90,0
DA:91,0
DA:93,0
DA:97,26
DA:98,0
DA:99,0
DA:100,0
DA:101,0
DA:106,26
DA:107,0
DA:108,0
DA:110,0
DA:112,0
DA:113,0
DA:119,2
DA:120,1
DA:126,2
DA:131,1
DA:132,1
DA:133,1
DA:140,2
DA:141,1
DA:147,2
DA:152,1
DA:153,1
DA:154,1
DA:161,2
DA:162,1
DA:168,2
DA:173,1
DA:174,1
DA:175,1
DA:182,1
DA:190,3
DA:191,3
DA:192,3
DA:194,1
DA:195,1
DA:197,3
DA:206,2
DA:207,1
DA:209,1
DA:210,1
DA:212,0
DA:213,0
DA:214,0
DA:215,0
DA:219,1
DA:227,2
DA:228,2
DA:230,2
DA:231,2
DA:232,2
DA:237,1
DA:245,4
DA:246,4
DA:247,1
DA:251,4
DA:253,4
DA:254,4
DA:262,2
DA:264,2
DA:273,2
DA:275,2
DA:276,2
DA:277,2
DA:278,2
DA:279,2
DA:280,2
DA:287,1
DA:291,1
DA:293,1
DA:294,1
DA:295,1
DA:312,4
DA:313,1
DA:316,4
DA:317,4
DA:318,3
DA:325,1
LF:119
LH:89
BRDA:37,0,0,0
BRDA:37,0,1,26
BRDA:60,1,0,0
BRDA:60,1,1,0
BRDA:70,2,0,0
BRDA:70,2,1,0
BRDA:85,3,0,0
BRDA:85,3,1,0
BRDA:89,4,0,0
BRDA:89,4,1,0
BRDA:99,5,0,0
BRDA:99,5,1,0
BRDA:107,6,0,0
BRDA:107,6,1,0
BRDA:132,7,0,1
BRDA:132,7,1,0
BRDA:153,8,0,1
BRDA:153,8,1,0
BRDA:174,9,0,1
BRDA:174,9,1,0
BRDA:206,10,0,1
BRDA:206,10,1,1
BRDA:213,11,0,0
BRDA:213,11,1,0
BRDA:246,12,0,1
BRDA:246,12,1,3
BRDA:312,13,0,1
BRDA:312,13,1,3
BRF:28
BRH:10
end_of_record
TN:
SF:src\managers\EventManager.js
FN:33,(anonymous_0)
FN:38,(anonymous_1)
FNF:2
FNH:2
FNDA:49,(anonymous_0)
FNDA:28,(anonymous_1)
DA:7,49
DA:12,49
DA:34,49
DA:39,28
DA:41,4
DA:46,4
DA:47,4
DA:49,4
DA:54,4
DA:55,4
DA:57,1
DA:58,1
DA:59,1
DA:61,1
DA:62,1
DA:63,1
DA:65,1
DA:73,1
DA:74,1
DA:76,1
DA:81,1
DA:82,1
DA:84,1
DA:85,1
DA:86,1
DA:88,1
DA:89,1
DA:90,1
DA:92,2
DA:93,2
DA:94,2
DA:96,1
DA:104,1
DA:105,1
DA:107,1
DA:115,1
DA:116,1
DA:118,1
DA:127,1
DA:128,1
DA:130,1
DA:138,1
DA:139,1
DA:141,1
DA:148,1
DA:149,1
DA:151,1
DA:152,1
DA:154,1
DA:162,1
DA:163,1
DA:165,1
DA:171,1
DA:172,1
DA:174,2
DA:175,2
DA:176,2
DA:178,2
LF:58
LH:58
BRDA:39,0,0,4
BRDA:39,0,1,4
BRDA:39,0,2,1
BRDA:39,0,3,1
BRDA:39,0,4,1
BRDA:39,0,5,1
BRDA:39,0,6,1
BRDA:39,0,7,1
BRDA:39,0,8,2
BRDA:39,0,9,1
BRDA:39,0,10,1
BRDA:39,0,11,1
BRDA:39,0,12,1
BRDA:39,0,13,1
BRDA:39,0,14,1
BRDA:39,0,15,1
BRDA:39,0,16,1
BRDA:39,0,17,2
BRDA:39,0,18,2
BRDA:43,1,0,0
BRDA:43,1,1,4
BRDA:44,2,0,0
BRDA:44,2,1,4
BRDA:51,3,0,0
BRDA:51,3,1,4
BRDA:52,4,0,0
BRDA:52,4,1,4
BRDA:78,5,0,1
BRDA:78,5,1,0
BRDA:79,6,0,1
BRDA:79,6,1,0
BRDA:145,7,0,0
BRDA:145,7,1,1
BRF:33
BRH:26
end_of_record
TN:
SF:src\managers\index.js
FNF:0
FNH:0
LF:0
LH:0
BRF:0
BRH:0
end_of_record
